#
# There is insufficient memory for the Java Runtime Environment to continue.
# Native memory allocation (malloc) failed to allocate 131088 bytes for Chunk::new
# Possible reasons:
#   The system is out of physical RAM or swap space
#   The process is running with CompressedOops enabled, and the Java Heap may be blocking the growth of the native heap
# Possible solutions:
#   Reduce memory load on the system
#   Increase physical memory or swap space
#   Check if swap backing store is full
#   Decrease Java heap size (-Xmx/-Xms)
#   Decrease number of Java threads
#   Decrease Java thread stack sizes (-Xss)
#   Set larger code cache with -XX:ReservedCodeCacheSize=
#   JVM is running with Unscaled Compressed Oops mode in which the Java heap is
#     placed in the first 4GB address space. The Java Heap base address is the
#     maximum limit for the native heap growth. Please use -XX:HeapBaseMinAddress
#     to set the Java Heap base and to place the Java Heap above 4GB virtual address.
# This output file may be truncated or incomplete.
#
#  Out of Memory Error (arena.cpp:184), pid=10748, tid=9632
#
# JRE version: Java(TM) SE Runtime Environment (19.0.2+7) (build 19.0.2+7-44)
# Java VM: Java HotSpot(TM) 64-Bit Server VM (19.0.2+7-44, mixed mode, sharing, tiered, compressed oops, compressed class ptrs, g1 gc, windows-amd64)
# No core dump will be written. Minidumps are not enabled by default on client versions of Windows
#

---------------  S U M M A R Y ------------

Command Line: -ea -Didea.test.cyclic.buffer.size=1048576 -javaagent:C:\Users\teacher\AppData\Local\JetBrains\IntelliJ IDEA 2024.3.1.1\lib\idea_rt.jar=57570:C:\Users\teacher\AppData\Local\JetBrains\IntelliJ IDEA 2024.3.1.1\bin -javaagent:C:\Users\teacher\AppData\Local\JetBrains\IntelliJIdea2024.3\captureAgent\debugger-agent.jar -Dkotlinx.coroutines.debug.enable.creation.stack.trace=false -Ddebugger.agent.enable.coroutines=true -Dkotlinx.coroutines.debug.enable.flows.stack.trace=true -Dkotlinx.coroutines.debug.enable.mutable.state.flows.stack.trace=true -Dfile.encoding=UTF-8 -Dsun.stdout.encoding=UTF-8 -Dsun.stderr.encoding=UTF-8 com.intellij.rt.junit.JUnitStarter -ideVersion5 -junit5 vn.aptech.security.CreateUserTests,createUser

Host: Intel(R) Core(TM) i3-8100 CPU @ 3.60GHz, 4 cores, 7G,  Windows 10 , 64 bit Build 17763 (10.0.17763.6292)
Time: Mon Mar  3 20:17:15 2025 SE Asia Standard Time elapsed time: 1.072614 seconds (0d 0h 0m 1s)

---------------  T H R E A D  ---------------

Current thread (0x0000022df5de0580):  JavaThread "C2 CompilerThread1" daemon [_thread_in_native, id=9632, stack(0x00000046d7c00000,0x00000046d7d00000)]


Current CompileTask:
C2:   1072 1899       4       java.lang.invoke.MethodType::methodType (69 bytes)

Stack: [0x00000046d7c00000,0x00000046d7d00000]
Native frames: (J=compiled Java code, j=interpreted, Vv=VM code, C=native code)
V  [jvm.dll+0x6ee21a]
V  [jvm.dll+0x85765e]
V  [jvm.dll+0x85904e]
V  [jvm.dll+0x859703]
V  [jvm.dll+0x28298f]
V  [jvm.dll+0xc9adf]
V  [jvm.dll+0xc9e65]
V  [jvm.dll+0xc9c04]
V  [jvm.dll+0x6cc6fc]
V  [jvm.dll+0x67a556]
V  [jvm.dll+0x67fcb7]
V  [jvm.dll+0x680c0c]
V  [jvm.dll+0x67f064]
V  [jvm.dll+0x24c25e]
V  [jvm.dll+0x24b781]
V  [jvm.dll+0x1d6ce1]
V  [jvm.dll+0x25b25a]
V  [jvm.dll+0x2596e8]
V  [jvm.dll+0x807588]
V  [jvm.dll+0x80125a]
V  [jvm.dll+0x6ecf0b]
C  [ucrtbase.dll+0x2268a]
C  [KERNEL32.DLL+0x17ac4]
C  [ntdll.dll+0x5a8c1]


---------------  P R O C E S S  ---------------

Threads class SMR info:
_java_thread_list=0x0000022df71c25b0, length=18, elements={
0x0000022dd34dc1f0, 0x0000022df13e0150, 0x0000022df13e0f40, 0x0000022df13e4990,
0x0000022df13e5e80, 0x0000022df13e8a80, 0x0000022df13e93b0, 0x0000022df13e6c20,
0x0000022df13ff240, 0x0000022df5841750, 0x0000022df58c9fc0, 0x0000022df59d4690,
0x0000022df5b38000, 0x0000022df5de0580, 0x0000022df5bfd600, 0x0000022df5bfe0a0,
0x0000022df7234200, 0x0000022df722f250
}

Java Threads: ( => current thread )
  0x0000022dd34dc1f0 JavaThread "main" [_thread_in_native, id=11860, stack(0x00000046d6800000,0x00000046d6900000)]
  0x0000022df13e0150 JavaThread "Reference Handler" daemon [_thread_blocked, id=9240, stack(0x00000046d6f00000,0x00000046d7000000)]
  0x0000022df13e0f40 JavaThread "Finalizer" daemon [_thread_blocked, id=12252, stack(0x00000046d7000000,0x00000046d7100000)]
  0x0000022df13e4990 JavaThread "Signal Dispatcher" daemon [_thread_blocked, id=624, stack(0x00000046d7100000,0x00000046d7200000)]
  0x0000022df13e5e80 JavaThread "Attach Listener" daemon [_thread_blocked, id=11996, stack(0x00000046d7200000,0x00000046d7300000)]
  0x0000022df13e8a80 JavaThread "Service Thread" daemon [_thread_blocked, id=13960, stack(0x00000046d7300000,0x00000046d7400000)]
  0x0000022df13e93b0 JavaThread "Monitor Deflation Thread" daemon [_thread_blocked, id=8140, stack(0x00000046d7400000,0x00000046d7500000)]
  0x0000022df13e6c20 JavaThread "C2 CompilerThread0" daemon [_thread_in_native, id=7252, stack(0x00000046d7500000,0x00000046d7600000)]
  0x0000022df13ff240 JavaThread "C1 CompilerThread0" daemon [_thread_blocked, id=9104, stack(0x00000046d7600000,0x00000046d7700000)]
  0x0000022df5841750 JavaThread "Sweeper thread" daemon [_thread_blocked, id=228, stack(0x00000046d7700000,0x00000046d7800000)]
  0x0000022df58c9fc0 JavaThread "Common-Cleaner" daemon [_thread_blocked, id=2828, stack(0x00000046d7800000,0x00000046d7900000)]
  0x0000022df59d4690 JavaThread "Monitor Ctrl-Break" daemon [_thread_in_native, id=13980, stack(0x00000046d7900000,0x00000046d7a00000)]
  0x0000022df5b38000 JavaThread "Notification Thread" daemon [_thread_blocked, id=8064, stack(0x00000046d7a00000,0x00000046d7b00000)]
=>0x0000022df5de0580 JavaThread "C2 CompilerThread1" daemon [_thread_in_native, id=9632, stack(0x00000046d7c00000,0x00000046d7d00000)]
  0x0000022df5bfd600 JavaThread "RMI TCP Accept-0" daemon [_thread_in_native, id=2128, stack(0x00000046d8000000,0x00000046d8100000)]
  0x0000022df5bfe0a0 JavaThread "RMI TCP Connection(1)-10.0.1.211" daemon [_thread_in_native, id=13380, stack(0x00000046d8100000,0x00000046d8200000)]
  0x0000022df7234200 JavaThread "RMI Scheduler(0)" daemon [_thread_blocked, id=1472, stack(0x00000046d8200000,0x00000046d8300000)]
  0x0000022df722f250 JavaThread "JMX server connection timeout 29" daemon [_thread_blocked, id=1136, stack(0x00000046d8300000,0x00000046d8400000)]

Other Threads:
  0x0000022df13c7430 VMThread "VM Thread" [stack: 0x00000046d6e00000,0x00000046d6f00000] [id=10220]
  0x0000022df5a7f380 WatcherThread "VM Periodic Task Thread" [stack: 0x00000046d7b00000,0x00000046d7c00000] [id=14116]
  0x0000022dd34f7d70 WorkerThread "GC Thread#0" [stack: 0x00000046d6900000,0x00000046d6a00000] [id=5716]
  0x0000022df633f730 WorkerThread "GC Thread#1" [stack: 0x00000046d7d00000,0x00000046d7e00000] [id=12096]
  0x0000022df62b1f70 WorkerThread "GC Thread#2" [stack: 0x00000046d7e00000,0x00000046d7f00000] [id=10828]
  0x0000022df633dee0 WorkerThread "GC Thread#3" [stack: 0x00000046d7f00000,0x00000046d8000000] [id=10552]
  0x0000022dd354d5c0 ConcurrentGCThread "G1 Main Marker" [stack: 0x00000046d6a00000,0x00000046d6b00000] [id=1804]
  0x0000022dd354ec60 WorkerThread "G1 Conc#0" [stack: 0x00000046d6b00000,0x00000046d6c00000] [id=13792]
  0x0000022dd357ea10 ConcurrentGCThread "G1 Refine#0" [stack: 0x00000046d6c00000,0x00000046d6d00000] [id=12988]
  0x0000022df12806a0 ConcurrentGCThread "G1 Service" [stack: 0x00000046d6d00000,0x00000046d6e00000] [id=4784]

Threads with active compile tasks:
C2 CompilerThread0     1095 1872       4       java.lang.invoke.MethodType::makeImpl (109 bytes)
C2 CompilerThread1     1095 1899       4       java.lang.invoke.MethodType::methodType (69 bytes)

VM state: not at safepoint (normal execution)

VM Mutex/Monitor currently owned by a thread:  ([mutex/lock_event])
[0x0000022dd34d9000] Compile_lock - owner thread: 0x0000000000000000

Heap address: 0x0000000082000000, size: 2016 MB, Compressed Oops mode: 32-bit

CDS archive(s) mapped at: [0x0000000800000000-0x0000000800c40000-0x0000000800c40000), size 12845056, SharedBaseAddress: 0x0000000800000000, ArchiveRelocationMode: 0.
Compressed class space mapped at: 0x0000000801000000-0x0000000841000000, reserved size: 1073741824
Narrow klass base: 0x0000000800000000, Narrow klass shift: 0, Narrow klass range: 0x100000000

GC Precious Log:
 CardTable entry size: 512
 Card Set container configuration: InlinePtr #cards 5 size 8 Array Of Cards #cards 12 size 40 Howl #buckets 4 coarsen threshold 1843 Howl Bitmap #cards 512 size 80 coarsen threshold 460 Card regions per heap region 1 cards per card region 2048
 CPUs: 4 total, 4 available
 Memory: 8062M
 Large Page Support: Disabled
 NUMA Support: Disabled
 Compressed Oops: Enabled (32-bit)
 Heap Region Size: 1M
 Heap Min Capacity: 8M
 Heap Initial Capacity: 126M
 Heap Max Capacity: 2016M
 Pre-touch: Disabled
 Parallel Workers: 4
 Concurrent Workers: 1
 Concurrent Refinement Workers: 4
 Periodic GC: Disabled

Heap:
 garbage-first heap   total 129024K, used 33757K [0x0000000082000000, 0x0000000100000000)
  region size 1024K, 27 young (27648K), 2 survivors (2048K)
 Metaspace       used 15723K, committed 16000K, reserved 1114112K
  class space    used 1752K, committed 1856K, reserved 1048576K

Heap Regions: E=young(eden), S=young(survivor), O=old, HS=humongous(starts), HC=humongous(continues), CS=collection set, F=free, OA=open archive, CA=closed archive, TAMS=top-at-mark-start (previous, next)
|   0|0x0000000082000000, 0x0000000082100000, 0x0000000082100000|100%|HS|  |TAMS 0x0000000082000000, 0x0000000082000000| Complete 
|   1|0x0000000082100000, 0x0000000082200000, 0x0000000082200000|100%|HS|  |TAMS 0x0000000082100000, 0x0000000082100000| Complete 
|   2|0x0000000082200000, 0x0000000082300000, 0x0000000082300000|100%| O|  |TAMS 0x0000000082200000, 0x0000000082200000| Untracked 
|   3|0x0000000082300000, 0x0000000082400000, 0x0000000082400000|100%| O|  |TAMS 0x0000000082300000, 0x0000000082300000| Untracked 
|   4|0x0000000082400000, 0x0000000082500000, 0x0000000082500000|100%| O|  |TAMS 0x0000000082400000, 0x0000000082400000| Untracked 
|   5|0x0000000082500000, 0x0000000082600000, 0x0000000082600000|100%| O|  |TAMS 0x0000000082500000, 0x0000000082500000| Untracked 
|   6|0x0000000082600000, 0x0000000082700000, 0x0000000082700000|100%| O|  |TAMS 0x0000000082600000, 0x0000000082600000| Untracked 
|   7|0x0000000082700000, 0x00000000827e1000, 0x0000000082800000| 87%| O|  |TAMS 0x0000000082700000, 0x0000000082700000| Untracked 
|   8|0x0000000082800000, 0x0000000082800000, 0x0000000082900000|  0%| F|  |TAMS 0x0000000082800000, 0x0000000082800000| Untracked 
|   9|0x0000000082900000, 0x0000000082900000, 0x0000000082a00000|  0%| F|  |TAMS 0x0000000082900000, 0x0000000082900000| Untracked 
|  10|0x0000000082a00000, 0x0000000082a00000, 0x0000000082b00000|  0%| F|  |TAMS 0x0000000082a00000, 0x0000000082a00000| Untracked 
|  11|0x0000000082b00000, 0x0000000082b00000, 0x0000000082c00000|  0%| F|  |TAMS 0x0000000082b00000, 0x0000000082b00000| Untracked 
|  12|0x0000000082c00000, 0x0000000082c00000, 0x0000000082d00000|  0%| F|  |TAMS 0x0000000082c00000, 0x0000000082c00000| Untracked 
|  13|0x0000000082d00000, 0x0000000082d00000, 0x0000000082e00000|  0%| F|  |TAMS 0x0000000082d00000, 0x0000000082d00000| Untracked 
|  14|0x0000000082e00000, 0x0000000082e00000, 0x0000000082f00000|  0%| F|  |TAMS 0x0000000082e00000, 0x0000000082e00000| Untracked 
|  15|0x0000000082f00000, 0x0000000082f00000, 0x0000000083000000|  0%| F|  |TAMS 0x0000000082f00000, 0x0000000082f00000| Untracked 
|  16|0x0000000083000000, 0x0000000083000000, 0x0000000083100000|  0%| F|  |TAMS 0x0000000083000000, 0x0000000083000000| Untracked 
|  17|0x0000000083100000, 0x0000000083100000, 0x0000000083200000|  0%| F|  |TAMS 0x0000000083100000, 0x0000000083100000| Untracked 
|  18|0x0000000083200000, 0x0000000083200000, 0x0000000083300000|  0%| F|  |TAMS 0x0000000083200000, 0x0000000083200000| Untracked 
|  19|0x0000000083300000, 0x0000000083300000, 0x0000000083400000|  0%| F|  |TAMS 0x0000000083300000, 0x0000000083300000| Untracked 
|  20|0x0000000083400000, 0x0000000083400000, 0x0000000083500000|  0%| F|  |TAMS 0x0000000083400000, 0x0000000083400000| Untracked 
|  21|0x0000000083500000, 0x0000000083500000, 0x0000000083600000|  0%| F|  |TAMS 0x0000000083500000, 0x0000000083500000| Untracked 
|  22|0x0000000083600000, 0x0000000083600000, 0x0000000083700000|  0%| F|  |TAMS 0x0000000083600000, 0x0000000083600000| Untracked 
|  23|0x0000000083700000, 0x0000000083700000, 0x0000000083800000|  0%| F|  |TAMS 0x0000000083700000, 0x0000000083700000| Untracked 
|  24|0x0000000083800000, 0x0000000083800000, 0x0000000083900000|  0%| F|  |TAMS 0x0000000083800000, 0x0000000083800000| Untracked 
|  25|0x0000000083900000, 0x0000000083900000, 0x0000000083a00000|  0%| F|  |TAMS 0x0000000083900000, 0x0000000083900000| Untracked 
|  26|0x0000000083a00000, 0x0000000083a00000, 0x0000000083b00000|  0%| F|  |TAMS 0x0000000083a00000, 0x0000000083a00000| Untracked 
|  27|0x0000000083b00000, 0x0000000083b00000, 0x0000000083c00000|  0%| F|  |TAMS 0x0000000083b00000, 0x0000000083b00000| Untracked 
|  28|0x0000000083c00000, 0x0000000083c00000, 0x0000000083d00000|  0%| F|  |TAMS 0x0000000083c00000, 0x0000000083c00000| Untracked 
|  29|0x0000000083d00000, 0x0000000083d00000, 0x0000000083e00000|  0%| F|  |TAMS 0x0000000083d00000, 0x0000000083d00000| Untracked 
|  30|0x0000000083e00000, 0x0000000083e00000, 0x0000000083f00000|  0%| F|  |TAMS 0x0000000083e00000, 0x0000000083e00000| Untracked 
|  31|0x0000000083f00000, 0x0000000083f00000, 0x0000000084000000|  0%| F|  |TAMS 0x0000000083f00000, 0x0000000083f00000| Untracked 
|  32|0x0000000084000000, 0x0000000084000000, 0x0000000084100000|  0%| F|  |TAMS 0x0000000084000000, 0x0000000084000000| Untracked 
|  33|0x0000000084100000, 0x0000000084100000, 0x0000000084200000|  0%| F|  |TAMS 0x0000000084100000, 0x0000000084100000| Untracked 
|  34|0x0000000084200000, 0x0000000084200000, 0x0000000084300000|  0%| F|  |TAMS 0x0000000084200000, 0x0000000084200000| Untracked 
|  35|0x0000000084300000, 0x0000000084300000, 0x0000000084400000|  0%| F|  |TAMS 0x0000000084300000, 0x0000000084300000| Untracked 
|  36|0x0000000084400000, 0x0000000084400000, 0x0000000084500000|  0%| F|  |TAMS 0x0000000084400000, 0x0000000084400000| Untracked 
|  37|0x0000000084500000, 0x0000000084500000, 0x0000000084600000|  0%| F|  |TAMS 0x0000000084500000, 0x0000000084500000| Untracked 
|  38|0x0000000084600000, 0x0000000084600000, 0x0000000084700000|  0%| F|  |TAMS 0x0000000084600000, 0x0000000084600000| Untracked 
|  39|0x0000000084700000, 0x0000000084700000, 0x0000000084800000|  0%| F|  |TAMS 0x0000000084700000, 0x0000000084700000| Untracked 
|  40|0x0000000084800000, 0x0000000084800000, 0x0000000084900000|  0%| F|  |TAMS 0x0000000084800000, 0x0000000084800000| Untracked 
|  41|0x0000000084900000, 0x0000000084900000, 0x0000000084a00000|  0%| F|  |TAMS 0x0000000084900000, 0x0000000084900000| Untracked 
|  42|0x0000000084a00000, 0x0000000084a00000, 0x0000000084b00000|  0%| F|  |TAMS 0x0000000084a00000, 0x0000000084a00000| Untracked 
|  43|0x0000000084b00000, 0x0000000084b00000, 0x0000000084c00000|  0%| F|  |TAMS 0x0000000084b00000, 0x0000000084b00000| Untracked 
|  44|0x0000000084c00000, 0x0000000084c00000, 0x0000000084d00000|  0%| F|  |TAMS 0x0000000084c00000, 0x0000000084c00000| Untracked 
|  45|0x0000000084d00000, 0x0000000084d00000, 0x0000000084e00000|  0%| F|  |TAMS 0x0000000084d00000, 0x0000000084d00000| Untracked 
|  46|0x0000000084e00000, 0x0000000084e00000, 0x0000000084f00000|  0%| F|  |TAMS 0x0000000084e00000, 0x0000000084e00000| Untracked 
|  47|0x0000000084f00000, 0x0000000084f00000, 0x0000000085000000|  0%| F|  |TAMS 0x0000000084f00000, 0x0000000084f00000| Untracked 
|  48|0x0000000085000000, 0x0000000085000000, 0x0000000085100000|  0%| F|  |TAMS 0x0000000085000000, 0x0000000085000000| Untracked 
|  49|0x0000000085100000, 0x0000000085100000, 0x0000000085200000|  0%| F|  |TAMS 0x0000000085100000, 0x0000000085100000| Untracked 
|  50|0x0000000085200000, 0x0000000085200000, 0x0000000085300000|  0%| F|  |TAMS 0x0000000085200000, 0x0000000085200000| Untracked 
|  51|0x0000000085300000, 0x0000000085300000, 0x0000000085400000|  0%| F|  |TAMS 0x0000000085300000, 0x0000000085300000| Untracked 
|  52|0x0000000085400000, 0x0000000085400000, 0x0000000085500000|  0%| F|  |TAMS 0x0000000085400000, 0x0000000085400000| Untracked 
|  53|0x0000000085500000, 0x0000000085500000, 0x0000000085600000|  0%| F|  |TAMS 0x0000000085500000, 0x0000000085500000| Untracked 
|  54|0x0000000085600000, 0x0000000085600000, 0x0000000085700000|  0%| F|  |TAMS 0x0000000085600000, 0x0000000085600000| Untracked 
|  55|0x0000000085700000, 0x0000000085700000, 0x0000000085800000|  0%| F|  |TAMS 0x0000000085700000, 0x0000000085700000| Untracked 
|  56|0x0000000085800000, 0x0000000085800000, 0x0000000085900000|  0%| F|  |TAMS 0x0000000085800000, 0x0000000085800000| Untracked 
|  57|0x0000000085900000, 0x0000000085900000, 0x0000000085a00000|  0%| F|  |TAMS 0x0000000085900000, 0x0000000085900000| Untracked 
|  58|0x0000000085a00000, 0x0000000085a00000, 0x0000000085b00000|  0%| F|  |TAMS 0x0000000085a00000, 0x0000000085a00000| Untracked 
|  59|0x0000000085b00000, 0x0000000085b00000, 0x0000000085c00000|  0%| F|  |TAMS 0x0000000085b00000, 0x0000000085b00000| Untracked 
|  60|0x0000000085c00000, 0x0000000085c00000, 0x0000000085d00000|  0%| F|  |TAMS 0x0000000085c00000, 0x0000000085c00000| Untracked 
|  61|0x0000000085d00000, 0x0000000085d00000, 0x0000000085e00000|  0%| F|  |TAMS 0x0000000085d00000, 0x0000000085d00000| Untracked 
|  62|0x0000000085e00000, 0x0000000085e00000, 0x0000000085f00000|  0%| F|  |TAMS 0x0000000085e00000, 0x0000000085e00000| Untracked 
|  63|0x0000000085f00000, 0x0000000085f00000, 0x0000000086000000|  0%| F|  |TAMS 0x0000000085f00000, 0x0000000085f00000| Untracked 
|  64|0x0000000086000000, 0x0000000086000000, 0x0000000086100000|  0%| F|  |TAMS 0x0000000086000000, 0x0000000086000000| Untracked 
|  65|0x0000000086100000, 0x0000000086100000, 0x0000000086200000|  0%| F|  |TAMS 0x0000000086100000, 0x0000000086100000| Untracked 
|  66|0x0000000086200000, 0x0000000086200000, 0x0000000086300000|  0%| F|  |TAMS 0x0000000086200000, 0x0000000086200000| Untracked 
|  67|0x0000000086300000, 0x0000000086300000, 0x0000000086400000|  0%| F|  |TAMS 0x0000000086300000, 0x0000000086300000| Untracked 
|  68|0x0000000086400000, 0x0000000086400000, 0x0000000086500000|  0%| F|  |TAMS 0x0000000086400000, 0x0000000086400000| Untracked 
|  69|0x0000000086500000, 0x0000000086500000, 0x0000000086600000|  0%| F|  |TAMS 0x0000000086500000, 0x0000000086500000| Untracked 
|  70|0x0000000086600000, 0x0000000086600000, 0x0000000086700000|  0%| F|  |TAMS 0x0000000086600000, 0x0000000086600000| Untracked 
|  71|0x0000000086700000, 0x0000000086700000, 0x0000000086800000|  0%| F|  |TAMS 0x0000000086700000, 0x0000000086700000| Untracked 
|  72|0x0000000086800000, 0x0000000086800000, 0x0000000086900000|  0%| F|  |TAMS 0x0000000086800000, 0x0000000086800000| Untracked 
|  73|0x0000000086900000, 0x0000000086900000, 0x0000000086a00000|  0%| F|  |TAMS 0x0000000086900000, 0x0000000086900000| Untracked 
|  74|0x0000000086a00000, 0x0000000086a00000, 0x0000000086b00000|  0%| F|  |TAMS 0x0000000086a00000, 0x0000000086a00000| Untracked 
|  75|0x0000000086b00000, 0x0000000086b00000, 0x0000000086c00000|  0%| F|  |TAMS 0x0000000086b00000, 0x0000000086b00000| Untracked 
|  76|0x0000000086c00000, 0x0000000086c00000, 0x0000000086d00000|  0%| F|  |TAMS 0x0000000086c00000, 0x0000000086c00000| Untracked 
|  77|0x0000000086d00000, 0x0000000086d00000, 0x0000000086e00000|  0%| F|  |TAMS 0x0000000086d00000, 0x0000000086d00000| Untracked 
|  78|0x0000000086e00000, 0x0000000086e00000, 0x0000000086f00000|  0%| F|  |TAMS 0x0000000086e00000, 0x0000000086e00000| Untracked 
|  79|0x0000000086f00000, 0x0000000086f00000, 0x0000000087000000|  0%| F|  |TAMS 0x0000000086f00000, 0x0000000086f00000| Untracked 
|  80|0x0000000087000000, 0x0000000087000000, 0x0000000087100000|  0%| F|  |TAMS 0x0000000087000000, 0x0000000087000000| Untracked 
|  81|0x0000000087100000, 0x0000000087100000, 0x0000000087200000|  0%| F|  |TAMS 0x0000000087100000, 0x0000000087100000| Untracked 
|  82|0x0000000087200000, 0x0000000087200000, 0x0000000087300000|  0%| F|  |TAMS 0x0000000087200000, 0x0000000087200000| Untracked 
|  83|0x0000000087300000, 0x0000000087300000, 0x0000000087400000|  0%| F|  |TAMS 0x0000000087300000, 0x0000000087300000| Untracked 
|  84|0x0000000087400000, 0x0000000087400000, 0x0000000087500000|  0%| F|  |TAMS 0x0000000087400000, 0x0000000087400000| Untracked 
|  85|0x0000000087500000, 0x0000000087500000, 0x0000000087600000|  0%| F|  |TAMS 0x0000000087500000, 0x0000000087500000| Untracked 
|  86|0x0000000087600000, 0x0000000087600000, 0x0000000087700000|  0%| F|  |TAMS 0x0000000087600000, 0x0000000087600000| Untracked 
|  87|0x0000000087700000, 0x0000000087700000, 0x0000000087800000|  0%| F|  |TAMS 0x0000000087700000, 0x0000000087700000| Untracked 
|  88|0x0000000087800000, 0x0000000087800000, 0x0000000087900000|  0%| F|  |TAMS 0x0000000087800000, 0x0000000087800000| Untracked 
|  89|0x0000000087900000, 0x0000000087900000, 0x0000000087a00000|  0%| F|  |TAMS 0x0000000087900000, 0x0000000087900000| Untracked 
|  90|0x0000000087a00000, 0x0000000087a00000, 0x0000000087b00000|  0%| F|  |TAMS 0x0000000087a00000, 0x0000000087a00000| Untracked 
|  91|0x0000000087b00000, 0x0000000087b00000, 0x0000000087c00000|  0%| F|  |TAMS 0x0000000087b00000, 0x0000000087b00000| Untracked 
|  92|0x0000000087c00000, 0x0000000087c00000, 0x0000000087d00000|  0%| F|  |TAMS 0x0000000087c00000, 0x0000000087c00000| Untracked 
|  93|0x0000000087d00000, 0x0000000087d00000, 0x0000000087e00000|  0%| F|  |TAMS 0x0000000087d00000, 0x0000000087d00000| Untracked 
|  94|0x0000000087e00000, 0x0000000087e00000, 0x0000000087f00000|  0%| F|  |TAMS 0x0000000087e00000, 0x0000000087e00000| Untracked 
|  95|0x0000000087f00000, 0x0000000087f00000, 0x0000000088000000|  0%| F|  |TAMS 0x0000000087f00000, 0x0000000087f00000| Untracked 
|  96|0x0000000088000000, 0x0000000088000000, 0x0000000088100000|  0%| F|  |TAMS 0x0000000088000000, 0x0000000088000000| Untracked 
|  97|0x0000000088100000, 0x0000000088100000, 0x0000000088200000|  0%| F|  |TAMS 0x0000000088100000, 0x0000000088100000| Untracked 
|  98|0x0000000088200000, 0x0000000088200000, 0x0000000088300000|  0%| F|  |TAMS 0x0000000088200000, 0x0000000088200000| Untracked 
|  99|0x0000000088300000, 0x0000000088400000, 0x0000000088400000|100%| E|  |TAMS 0x0000000088300000, 0x0000000088300000| Complete 
| 100|0x0000000088400000, 0x0000000088500000, 0x0000000088500000|100%| E|CS|TAMS 0x0000000088400000, 0x0000000088400000| Complete 
| 101|0x0000000088500000, 0x0000000088600000, 0x0000000088600000|100%| E|CS|TAMS 0x0000000088500000, 0x0000000088500000| Complete 
| 102|0x0000000088600000, 0x0000000088700000, 0x0000000088700000|100%| E|CS|TAMS 0x0000000088600000, 0x0000000088600000| Complete 
| 103|0x0000000088700000, 0x0000000088800000, 0x0000000088800000|100%| E|CS|TAMS 0x0000000088700000, 0x0000000088700000| Complete 
| 104|0x0000000088800000, 0x0000000088900000, 0x0000000088900000|100%| E|CS|TAMS 0x0000000088800000, 0x0000000088800000| Complete 
| 105|0x0000000088900000, 0x0000000088a00000, 0x0000000088a00000|100%| E|CS|TAMS 0x0000000088900000, 0x0000000088900000| Complete 
| 106|0x0000000088a00000, 0x0000000088b00000, 0x0000000088b00000|100%| E|CS|TAMS 0x0000000088a00000, 0x0000000088a00000| Complete 
| 107|0x0000000088b00000, 0x0000000088c00000, 0x0000000088c00000|100%| E|CS|TAMS 0x0000000088b00000, 0x0000000088b00000| Complete 
| 108|0x0000000088c00000, 0x0000000088d00000, 0x0000000088d00000|100%| E|CS|TAMS 0x0000000088c00000, 0x0000000088c00000| Complete 
| 109|0x0000000088d00000, 0x0000000088e00000, 0x0000000088e00000|100%| E|CS|TAMS 0x0000000088d00000, 0x0000000088d00000| Complete 
| 110|0x0000000088e00000, 0x0000000088f00000, 0x0000000088f00000|100%| E|CS|TAMS 0x0000000088e00000, 0x0000000088e00000| Complete 
| 111|0x0000000088f00000, 0x0000000089000000, 0x0000000089000000|100%| E|CS|TAMS 0x0000000088f00000, 0x0000000088f00000| Complete 
| 112|0x0000000089000000, 0x0000000089100000, 0x0000000089100000|100%| E|CS|TAMS 0x0000000089000000, 0x0000000089000000| Complete 
| 113|0x0000000089100000, 0x0000000089116760, 0x0000000089200000|  8%| S|CS|TAMS 0x0000000089100000, 0x0000000089100000| Complete 
| 114|0x0000000089200000, 0x0000000089300000, 0x0000000089300000|100%| S|CS|TAMS 0x0000000089200000, 0x0000000089200000| Complete 
| 115|0x0000000089300000, 0x0000000089400000, 0x0000000089400000|100%| E|CS|TAMS 0x0000000089300000, 0x0000000089300000| Complete 
| 116|0x0000000089400000, 0x0000000089500000, 0x0000000089500000|100%| E|CS|TAMS 0x0000000089400000, 0x0000000089400000| Complete 
| 117|0x0000000089500000, 0x0000000089600000, 0x0000000089600000|100%| E|CS|TAMS 0x0000000089500000, 0x0000000089500000| Complete 
| 118|0x0000000089600000, 0x0000000089700000, 0x0000000089700000|100%| E|CS|TAMS 0x0000000089600000, 0x0000000089600000| Complete 
| 119|0x0000000089700000, 0x0000000089800000, 0x0000000089800000|100%| E|CS|TAMS 0x0000000089700000, 0x0000000089700000| Complete 
| 120|0x0000000089800000, 0x0000000089900000, 0x0000000089900000|100%| E|CS|TAMS 0x0000000089800000, 0x0000000089800000| Complete 
| 121|0x0000000089900000, 0x0000000089a00000, 0x0000000089a00000|100%| E|CS|TAMS 0x0000000089900000, 0x0000000089900000| Complete 
| 122|0x0000000089a00000, 0x0000000089b00000, 0x0000000089b00000|100%| E|CS|TAMS 0x0000000089a00000, 0x0000000089a00000| Complete 
| 123|0x0000000089b00000, 0x0000000089c00000, 0x0000000089c00000|100%| E|CS|TAMS 0x0000000089b00000, 0x0000000089b00000| Complete 
| 124|0x0000000089c00000, 0x0000000089d00000, 0x0000000089d00000|100%| E|CS|TAMS 0x0000000089c00000, 0x0000000089c00000| Complete 
| 125|0x0000000089d00000, 0x0000000089e00000, 0x0000000089e00000|100%| E|CS|TAMS 0x0000000089d00000, 0x0000000089d00000| Complete 

Card table byte_map: [0x0000022dea810000,0x0000022deac00000] _byte_map_base: 0x0000022dea400000

Marking Bits (Prev, Next): (CMBitMap*) 0x0000022dd353d090, (CMBitMap*) 0x0000022dd353d0d0
 Prev Bits: [0x0000022deaff0000, 0x0000022decf70000)
 Next Bits: [0x0000022decf70000, 0x0000022deeef0000)

Polling page: 0x0000022dd1450000

Metaspace:

Usage:
  Non-class:     13.66 MB used.
      Class:      1.71 MB used.
       Both:     15.38 MB used.

Virtual space:
  Non-class space:       64.00 MB reserved,      13.81 MB ( 22%) committed,  1 nodes.
      Class space:        1.00 GB reserved,       1.81 MB ( <1%) committed,  1 nodes.
             Both:        1.06 GB reserved,      15.63 MB (  1%) committed. 

Chunk freelists:
   Non-Class:  1.80 MB
       Class:  2.13 MB
        Both:  3.92 MB

MaxMetaspaceSize: unlimited
CompressedClassSpaceSize: 1.00 GB
Initial GC threshold: 21.00 MB
Current GC threshold: 21.00 MB
CDS: on
MetaspaceReclaimPolicy: balanced
 - commit_granule_bytes: 65536.
 - commit_granule_words: 8192.
 - virtual_space_node_default_size: 8388608.
 - enlarge_chunks_in_place: 1.
 - new_chunks_are_fully_committed: 0.
 - uncommit_free_chunks: 1.
 - use_allocation_guard: 0.


Internal statistics:

num_allocs_failed_limit: 0.
num_arena_births: 376.
num_arena_deaths: 0.
num_vsnodes_births: 2.
num_vsnodes_deaths: 0.
num_space_committed: 251.
num_space_uncommitted: 0.
num_chunks_returned_to_freelist: 0.
num_chunks_taken_from_freelist: 736.
num_chunk_merges: 0.
num_chunk_splits: 403.
num_chunks_enlarged: 226.
num_inconsistent_stats: 0.

CodeHeap 'non-profiled nmethods': size=120000Kb used=683Kb max_used=683Kb free=119316Kb
 bounds [0x0000022de2ef0000, 0x0000022de3160000, 0x0000022dea420000]
CodeHeap 'profiled nmethods': size=120000Kb used=3776Kb max_used=3776Kb free=116223Kb
 bounds [0x0000022ddb420000, 0x0000022ddb7e0000, 0x0000022de2950000]
CodeHeap 'non-nmethods': size=5760Kb used=1287Kb max_used=1307Kb free=4472Kb
 bounds [0x0000022de2950000, 0x0000022de2bc0000, 0x0000022de2ef0000]
 total_blobs=2470 nmethods=1968 adapters=412
 compilation: enabled
              stopped_count=0, restarted_count=0
 full_count=0

Compilation events (20 events):
Event: 1.059 Thread 0x0000022df13ff240 1938       3       java.lang.reflect.Constructor::getParameterTypes (11 bytes)
Event: 1.059 Thread 0x0000022df13ff240 nmethod 1938 0x0000022ddb7c2310 code [0x0000022ddb7c24c0, 0x0000022ddb7c2788]
Event: 1.062 Thread 0x0000022df13ff240 1939       3       org.springframework.util.ConcurrentReferenceHashMap::getHash (64 bytes)
Event: 1.063 Thread 0x0000022df13ff240 nmethod 1939 0x0000022ddb7c2890 code [0x0000022ddb7c2a40, 0x0000022ddb7c2ca8]
Event: 1.063 Thread 0x0000022df13ff240 1940       3       org.springframework.util.ConcurrentReferenceHashMap::getSegmentForHash (23 bytes)
Event: 1.063 Thread 0x0000022df13ff240 nmethod 1940 0x0000022ddb7c2d90 code [0x0000022ddb7c2f20, 0x0000022ddb7c3078]
Event: 1.063 Thread 0x0000022df13ff240 1941       3       org.springframework.util.ConcurrentReferenceHashMap::get (37 bytes)
Event: 1.063 Thread 0x0000022df13ff240 nmethod 1941 0x0000022ddb7c3190 code [0x0000022ddb7c3380, 0x0000022ddb7c3798]
Event: 1.063 Thread 0x0000022df13ff240 1942       3       org.springframework.util.ConcurrentReferenceHashMap::getReference (18 bytes)
Event: 1.063 Thread 0x0000022df13ff240 nmethod 1942 0x0000022ddb7c3910 code [0x0000022ddb7c3ae0, 0x0000022ddb7c3d18]
Event: 1.063 Thread 0x0000022df13ff240 1943       1       java.util.Collections$EmptyIterator::hasNext (2 bytes)
Event: 1.063 Thread 0x0000022df13ff240 nmethod 1943 0x0000022de2f9a090 code [0x0000022de2f9a220, 0x0000022de2f9a2f8]
Event: 1.065 Thread 0x0000022df13ff240 1945       3       java.util.ArrayList$ArrayListSpliterator::getFence (35 bytes)
Event: 1.065 Thread 0x0000022df13ff240 nmethod 1945 0x0000022ddb7c3e90 code [0x0000022ddb7c4020, 0x0000022ddb7c4178]
Event: 1.065 Thread 0x0000022df13ff240 1946       1       java.util.stream.MatchOps$BooleanTerminalSink::cancellationRequested (5 bytes)
Event: 1.065 Thread 0x0000022df13ff240 nmethod 1946 0x0000022de2f9a690 code [0x0000022de2f9a820, 0x0000022de2f9a8f8]
Event: 1.066 Thread 0x0000022df13ff240 1947       3       java.util.HashMap::prepareArray (38 bytes)
Event: 1.066 Thread 0x0000022df13ff240 nmethod 1947 0x0000022ddb7c4210 code [0x0000022ddb7c4400, 0x0000022ddb7c4a18]
Event: 1.067 Thread 0x0000022df13ff240 1948       3       jdk.internal.loader.AbstractClassLoaderValue$Sub::hashCode (19 bytes)
Event: 1.067 Thread 0x0000022df13ff240 nmethod 1948 0x0000022ddb7c4c10 code [0x0000022ddb7c4de0, 0x0000022ddb7c5158]

GC Heap History (4 events):
Event: 0.300 GC heap before
{Heap before GC invocations=0 (full 0):
 garbage-first heap   total 129024K, used 14336K [0x0000000082000000, 0x0000000100000000)
  region size 1024K, 13 young (13312K), 0 survivors (0K)
 Metaspace       used 4890K, committed 4992K, reserved 1114112K
  class space    used 401K, committed 448K, reserved 1048576K
}
Event: 0.306 GC heap after
{Heap after GC invocations=1 (full 0):
 garbage-first heap   total 129024K, used 7951K [0x0000000082000000, 0x0000000100000000)
  region size 1024K, 2 young (2048K), 2 survivors (2048K)
 Metaspace       used 4890K, committed 4992K, reserved 1114112K
  class space    used 401K, committed 448K, reserved 1048576K
}
Event: 0.523 GC heap before
{Heap before GC invocations=1 (full 0):
 garbage-first heap   total 129024K, used 19215K [0x0000000082000000, 0x0000000100000000)
  region size 1024K, 13 young (13312K), 2 survivors (2048K)
 Metaspace       used 9370K, committed 9536K, reserved 1114112K
  class space    used 917K, committed 1024K, reserved 1048576K
}
Event: 0.527 GC heap after
{Heap after GC invocations=2 (full 0):
 garbage-first heap   total 129024K, used 9181K [0x0000000082000000, 0x0000000100000000)
  region size 1024K, 2 young (2048K), 2 survivors (2048K)
 Metaspace       used 9370K, committed 9536K, reserved 1114112K
  class space    used 917K, committed 1024K, reserved 1048576K
}

Dll operation events (12 events):
Event: 0.013 Loaded shared library C:\Program Files\Java\jdk-19\bin\java.dll
Event: 0.014 Loaded shared library C:\Program Files\Java\jdk-19\bin\zip.dll
Event: 0.027 Loaded shared library C:\Program Files\Java\jdk-19\bin\jsvml.dll
Event: 0.125 Loaded shared library C:\Program Files\Java\jdk-19\bin\instrument.dll
Event: 0.130 Loaded shared library C:\Program Files\Java\jdk-19\bin\net.dll
Event: 0.132 Loaded shared library C:\Program Files\Java\jdk-19\bin\nio.dll
Event: 0.134 Loaded shared library C:\Program Files\Java\jdk-19\bin\zip.dll
Event: 0.145 Loaded shared library C:\Users\teacher\AppData\Local\JetBrains\IntelliJ IDEA 2024.3.1.1\bin\breakgen64.dll
Event: 0.154 Loaded shared library C:\Program Files\Java\jdk-19\bin\extnet.dll
Event: 0.193 Loaded shared library C:\Program Files\Java\jdk-19\bin\jimage.dll
Event: 0.290 Loaded shared library C:\Program Files\Java\jdk-19\bin\management.dll
Event: 0.308 Loaded shared library C:\Program Files\Java\jdk-19\bin\management_ext.dll

Deoptimization events (20 events):
Event: 0.949 Thread 0x0000022dd34dc1f0 DEOPT PACKING pc=0x0000022ddb77bfa1 sp=0x00000046d68fb7d0
Event: 0.949 Thread 0x0000022dd34dc1f0 DEOPT UNPACKING pc=0x0000022de29b7543 sp=0x00000046d68facd8 mode 0
Event: 0.978 Thread 0x0000022dd34dc1f0 DEOPT PACKING pc=0x0000022ddb77bfa1 sp=0x00000046d68fbd90
Event: 0.978 Thread 0x0000022dd34dc1f0 DEOPT UNPACKING pc=0x0000022de29b7543 sp=0x00000046d68fb298 mode 0
Event: 0.988 Thread 0x0000022dd34dc1f0 Uncommon trap: trap_request=0xffffffde fr.pc=0x0000022de2f03fc0 relative=0x00000000000001a0
Event: 0.988 Thread 0x0000022dd34dc1f0 Uncommon trap: reason=class_check action=maybe_recompile pc=0x0000022de2f03fc0 method=java.lang.String.equals(Ljava/lang/Object;)Z @ 8 c2
Event: 0.988 Thread 0x0000022dd34dc1f0 DEOPT PACKING pc=0x0000022de2f03fc0 sp=0x00000046d68fce90
Event: 0.988 Thread 0x0000022dd34dc1f0 DEOPT UNPACKING pc=0x0000022de29b6da3 sp=0x00000046d68fce38 mode 2
Event: 0.992 Thread 0x0000022dd34dc1f0 Uncommon trap: trap_request=0xffffffde fr.pc=0x0000022de2f03fc0 relative=0x00000000000001a0
Event: 0.992 Thread 0x0000022dd34dc1f0 Uncommon trap: reason=class_check action=maybe_recompile pc=0x0000022de2f03fc0 method=java.lang.String.equals(Ljava/lang/Object;)Z @ 8 c2
Event: 0.992 Thread 0x0000022dd34dc1f0 DEOPT PACKING pc=0x0000022de2f03fc0 sp=0x00000046d68fce90
Event: 0.992 Thread 0x0000022dd34dc1f0 DEOPT UNPACKING pc=0x0000022de29b6da3 sp=0x00000046d68fce38 mode 2
Event: 0.992 Thread 0x0000022dd34dc1f0 Uncommon trap: trap_request=0xffffffde fr.pc=0x0000022de2f03fc0 relative=0x00000000000001a0
Event: 0.992 Thread 0x0000022dd34dc1f0 Uncommon trap: reason=class_check action=maybe_recompile pc=0x0000022de2f03fc0 method=java.lang.String.equals(Ljava/lang/Object;)Z @ 8 c2
Event: 0.992 Thread 0x0000022dd34dc1f0 DEOPT PACKING pc=0x0000022de2f03fc0 sp=0x00000046d68fce90
Event: 0.992 Thread 0x0000022dd34dc1f0 DEOPT UNPACKING pc=0x0000022de29b6da3 sp=0x00000046d68fce38 mode 2
Event: 0.997 Thread 0x0000022dd34dc1f0 Uncommon trap: trap_request=0xffffffde fr.pc=0x0000022de2f03fc0 relative=0x00000000000001a0
Event: 0.997 Thread 0x0000022dd34dc1f0 Uncommon trap: reason=class_check action=maybe_recompile pc=0x0000022de2f03fc0 method=java.lang.String.equals(Ljava/lang/Object;)Z @ 8 c2
Event: 0.997 Thread 0x0000022dd34dc1f0 DEOPT PACKING pc=0x0000022de2f03fc0 sp=0x00000046d68fcdb0
Event: 0.997 Thread 0x0000022dd34dc1f0 DEOPT UNPACKING pc=0x0000022de29b6da3 sp=0x00000046d68fcd58 mode 2

Classes loaded (20 events):
Event: 1.063 Loading class org/springframework/test/context/ContextCustomizerFactory
Event: 1.063 Loading class org/springframework/test/context/ContextCustomizerFactory done
Event: 1.065 Loading class org/springframework/context/annotation/Import
Event: 1.065 Loading class org/springframework/context/annotation/Import done
Event: 1.066 Loading class org/springframework/boot/test/context/filter/ExcludeFilterContextCustomizer
Event: 1.066 Loading class org/springframework/boot/test/context/filter/ExcludeFilterContextCustomizer done
Event: 1.067 Loading class org/springframework/test/web/reactive/server/WebTestClient
Event: 1.067 Loading class org/springframework/test/web/reactive/server/WebTestClient done
Event: 1.068 Loading class org/springframework/graphql/test/tester/HttpGraphQlTester
Event: 1.068 Loading class org/springframework/graphql/test/tester/HttpGraphQlTester done
Event: 1.068 Loading class org/springframework/boot/test/json/DuplicateJsonObjectContextCustomizerFactory$DuplicateJsonObjectContextCustomizer
Event: 1.068 Loading class org/springframework/boot/test/json/DuplicateJsonObjectContextCustomizerFactory$DuplicateJsonObjectContextCustomizer done
Event: 1.068 Loading class org/springframework/boot/test/mock/mockito/DefinitionsParser
Event: 1.068 Loading class org/springframework/boot/test/mock/mockito/DefinitionsParser done
Event: 1.069 Loading class org/springframework/boot/test/mock/mockito/Definition
Event: 1.069 Loading class org/springframework/boot/test/mock/mockito/Definition done
Event: 1.069 Loading class org/springframework/boot/test/mock/mockito/MockDefinition
Event: 1.069 Loading class org/springframework/boot/test/mock/mockito/MockDefinition done
Event: 1.069 Loading class org/springframework/boot/test/mock/mockito/SpyDefinition
Event: 1.069 Loading class org/springframework/boot/test/mock/mockito/SpyDefinition done

Classes unloaded (0 events):
No events

Classes redefined (1 events):
Event: 0.165 Thread 0x0000022df13c7430 redefined class name=java.lang.Throwable, count=1

Internal exceptions (20 events):
Event: 0.710 Thread 0x0000022dd34dc1f0 Exception <a 'java/lang/NoSuchMethodError'{0x00000000895cacd8}: 'void java.lang.invoke.DirectMethodHandle$Holder.invokeSpecial(java.lang.Object, java.lang.Object, java.lang.Object, java.lang.Object, java.lang.Object)'> (0x00000000895cacd8) 
thrown [s\open\src\hotspot\share\interpreter\linkResolver.cpp, line 774]
Event: 0.722 Thread 0x0000022dd34dc1f0 Exception <a 'java/lang/NoSuchMethodError'{0x000000008942f660}: 'void java.lang.invoke.DirectMethodHandle$Holder.invokeInterface(java.lang.Object, java.lang.Object, java.lang.Object, java.lang.Object)'> (0x000000008942f660) 
thrown [s\open\src\hotspot\share\interpreter\linkResolver.cpp, line 774]
Event: 0.723 Thread 0x0000022dd34dc1f0 Exception <a 'java/lang/IncompatibleClassChangeError'{0x0000000089432dd0}: Found class java.lang.Object, but interface was expected> (0x0000000089432dd0) 
thrown [s\open\src\hotspot\share\interpreter\linkResolver.cpp, line 841]
Event: 0.725 Thread 0x0000022dd34dc1f0 Exception <a 'java/lang/NoSuchMethodError'{0x0000000089450478}: 'void java.lang.invoke.DirectMethodHandle$Holder.invokeStatic(java.lang.Object, java.lang.Object, java.lang.Object, java.lang.Object)'> (0x0000000089450478) 
thrown [s\open\src\hotspot\share\interpreter\linkResolver.cpp, line 774]
Event: 0.729 Thread 0x0000022dd34dc1f0 Exception <a 'java/lang/NoSuchMethodError'{0x0000000089474498}: 'java.lang.Object java.lang.invoke.DirectMethodHandle$Holder.newInvokeSpecial(java.lang.Object, java.lang.Object, int)'> (0x0000000089474498) 
thrown [s\open\src\hotspot\share\interpreter\linkResolver.cpp, line 774]
Event: 0.743 Thread 0x0000022dd34dc1f0 Exception <a 'java/lang/NoSuchMethodError'{0x000000008932ab00}: 'int java.lang.invoke.DirectMethodHandle$Holder.invokeSpecialIFC(java.lang.Object, java.lang.Object, java.lang.Object, java.lang.Object, java.lang.Object)'> (0x000000008932ab00) 
thrown [s\open\src\hotspot\share\interpreter\linkResolver.cpp, line 774]
Event: 0.744 Thread 0x0000022dd34dc1f0 Exception <a 'java/lang/NoSuchMethodError'{0x0000000089332278}: 'int java.lang.invoke.DirectMethodHandle$Holder.invokeStatic(java.lang.Object, java.lang.Object, java.lang.Object, java.lang.Object, java.lang.Object)'> (0x0000000089332278) 
thrown [s\open\src\hotspot\share\interpreter\linkResolver.cpp, line 774]
Event: 0.750 Thread 0x0000022dd34dc1f0 Exception <a 'java/lang/NoSuchMethodError'{0x0000000089380d80}: 'void java.lang.invoke.DirectMethodHandle$Holder.invokeStaticInit(java.lang.Object)'> (0x0000000089380d80) 
thrown [s\open\src\hotspot\share\interpreter\linkResolver.cpp, line 774]
Event: 0.768 Thread 0x0000022dd34dc1f0 Exception <a 'java/lang/NoSuchMethodError'{0x000000008905f288}: 'void java.lang.invoke.DirectMethodHandle$Holder.invokeStaticInit(java.lang.Object, java.lang.Object, java.lang.Object, java.lang.Object)'> (0x000000008905f288) 
thrown [s\open\src\hotspot\share\interpreter\linkResolver.cpp, line 774]
Event: 0.778 Thread 0x0000022dd34dc1f0 Exception <a 'java/lang/NoSuchMethodError'{0x00000000890e0948}: 'int java.lang.invoke.DirectMethodHandle$Holder.invokeStaticInit(java.lang.Object, java.lang.Object)'> (0x00000000890e0948) 
thrown [s\open\src\hotspot\share\interpreter\linkResolver.cpp, line 774]
Event: 0.868 Thread 0x0000022dd34dc1f0 Exception <a 'java/lang/ClassNotFoundException'{0x0000000088c8d938}: javax/smartcardio/CardPermission> (0x0000000088c8d938) 
thrown [s\open\src\hotspot\share\classfile\systemDictionary.cpp, line 255]
Event: 0.872 Thread 0x0000022dd34dc1f0 Exception <a 'java/io/FileNotFoundException'{0x0000000088c9ecc0}> (0x0000000088c9ecc0) 
thrown [s\open\src\hotspot\share\prims\jni.cpp, line 517]
Event: 0.883 Thread 0x0000022dd34dc1f0 Exception <a 'java/lang/NoSuchMethodError'{0x0000000088b09c70}: 'java.lang.Object java.lang.invoke.DirectMethodHandle$Holder.invokeSpecial(java.lang.Object, java.lang.Object, java.lang.Object, long, java.lang.Object)'> (0x0000000088b09c70) 
thrown [s\open\src\hotspot\share\interpreter\linkResolver.cpp, line 774]
Event: 0.883 Thread 0x0000022dd34dc1f0 Exception <a 'java/lang/NoSuchMethodError'{0x0000000088b0db20}: 'java.lang.Object java.lang.invoke.Invokers$Holder.linkToTargetMethod(java.lang.Object, long, java.lang.Object, java.lang.Object)'> (0x0000000088b0db20) 
thrown [s\open\src\hotspot\share\interpreter\linkResolver.cpp, line 774]
Event: 0.899 Thread 0x0000022dd34dc1f0 Implicit null exception at 0x0000022de2f15a60 to 0x0000022de2f15afa
Event: 0.972 Thread 0x0000022dd34dc1f0 Exception <a 'java/lang/NoSuchMethodError'{0x0000000088747b40}: 'int java.lang.invoke.DirectMethodHandle$Holder.invokeStaticInit(java.lang.Object, java.lang.Object, java.lang.Object)'> (0x0000000088747b40) 
thrown [s\open\src\hotspot\share\interpreter\linkResolver.cpp, line 774]
Event: 1.029 Thread 0x0000022dd34dc1f0 Exception <a 'java/lang/NoSuchMethodError'{0x0000000088567b18}: 'void java.lang.invoke.DirectMethodHandle$Holder.invokeStaticInit(java.lang.Object, java.lang.Object)'> (0x0000000088567b18) 
thrown [s\open\src\hotspot\share\interpreter\linkResolver.cpp, line 774]
Event: 1.035 Thread 0x0000022df5bfe0a0 Exception <a 'java/lang/NoSuchMethodError'{0x0000000088512d48}: 'long java.lang.invoke.DirectMethodHandle$Holder.invokeVirtual(java.lang.Object, java.lang.Object)'> (0x0000000088512d48) 
thrown [s\open\src\hotspot\share\interpreter\linkResolver.cpp, line 774]
Event: 1.036 Thread 0x0000022df5bfe0a0 Exception <a 'java/lang/NoSuchMethodError'{0x0000000088516590}: 'long java.lang.invoke.DelegatingMethodHandle$Holder.reinvoke_L(java.lang.Object, java.lang.Object)'> (0x0000000088516590) 
thrown [s\open\src\hotspot\share\interpreter\linkResolver.cpp, line 774]
Event: 1.064 Thread 0x0000022dd34dc1f0 Exception <a 'java/lang/NoSuchMethodError'{0x0000000088484c88}: 'int java.lang.invoke.DirectMethodHandle$Holder.invokeVirtual(java.lang.Object, java.lang.Object, java.lang.Object)'> (0x0000000088484c88) 
thrown [s\open\src\hotspot\share\interpreter\linkResolver.cpp, line 774]

VM Operations (20 events):
Event: 0.364 Executing VM operation: HandshakeAllThreads
Event: 0.364 Executing VM operation: HandshakeAllThreads done
Event: 0.364 Executing VM operation: HandshakeAllThreads
Event: 0.364 Executing VM operation: HandshakeAllThreads done
Event: 0.383 Executing VM operation: HandshakeAllThreads
Event: 0.383 Executing VM operation: HandshakeAllThreads done
Event: 0.459 Executing VM operation: HandshakeAllThreads
Event: 0.459 Executing VM operation: HandshakeAllThreads done
Event: 0.466 Executing VM operation: HandshakeAllThreads
Event: 0.466 Executing VM operation: HandshakeAllThreads done
Event: 0.476 Executing VM operation: HandshakeAllThreads
Event: 0.476 Executing VM operation: HandshakeAllThreads done
Event: 0.523 Executing VM operation: G1CollectForAllocation
Event: 0.527 Executing VM operation: G1CollectForAllocation done
Event: 0.669 Executing VM operation: HandshakeAllThreads
Event: 0.669 Executing VM operation: HandshakeAllThreads done
Event: 0.847 Executing VM operation: HandshakeAllThreads
Event: 0.847 Executing VM operation: HandshakeAllThreads done
Event: 1.061 Executing VM operation: ICBufferFull
Event: 1.061 Executing VM operation: ICBufferFull done

Events (18 events):
Event: 0.027 Thread 0x0000022dd34dc1f0 Thread added: 0x0000022dd34dc1f0
Event: 0.041 Thread 0x0000022df13e0150 Thread added: 0x0000022df13e0150
Event: 0.042 Thread 0x0000022df13e0f40 Thread added: 0x0000022df13e0f40
Event: 0.042 Thread 0x0000022df13e4990 Thread added: 0x0000022df13e4990
Event: 0.042 Thread 0x0000022df13e5e80 Thread added: 0x0000022df13e5e80
Event: 0.042 Thread 0x0000022df13e8a80 Thread added: 0x0000022df13e8a80
Event: 0.042 Thread 0x0000022df13e93b0 Thread added: 0x0000022df13e93b0
Event: 0.042 Thread 0x0000022df13e6c20 Thread added: 0x0000022df13e6c20
Event: 0.043 Thread 0x0000022df13ff240 Thread added: 0x0000022df13ff240
Event: 0.047 Thread 0x0000022df5841750 Thread added: 0x0000022df5841750
Event: 0.109 Thread 0x0000022df58c9fc0 Thread added: 0x0000022df58c9fc0
Event: 0.145 Thread 0x0000022df59d4690 Thread added: 0x0000022df59d4690
Event: 0.168 Thread 0x0000022df5b38000 Thread added: 0x0000022df5b38000
Event: 0.212 Thread 0x0000022df5de0580 Thread added: 0x0000022df5de0580
Event: 0.612 Thread 0x0000022df5bfd600 Thread added: 0x0000022df5bfd600
Event: 0.628 Thread 0x0000022df5bfe0a0 Thread added: 0x0000022df5bfe0a0
Event: 0.659 Thread 0x0000022df7234200 Thread added: 0x0000022df7234200
Event: 0.668 Thread 0x0000022df722f250 Thread added: 0x0000022df722f250


Dynamic libraries:
0x00007ff7c9be0000 - 0x00007ff7c9bf0000 	C:\Program Files\Java\jdk-19\bin\java.exe
0x00007ffe3fe70000 - 0x00007ffe4005e000 	C:\Windows\SYSTEM32\ntdll.dll
0x00007ffe3e570000 - 0x00007ffe3e623000 	C:\Windows\System32\KERNEL32.DLL
0x00007ffe3c3e0000 - 0x00007ffe3c67e000 	C:\Windows\System32\KERNELBASE.dll
0x00007ffe3bf60000 - 0x00007ffe3c05a000 	C:\Windows\System32\ucrtbase.dll
0x00007ffe27310000 - 0x00007ffe2732b000 	C:\Program Files\Java\jdk-19\bin\VCRUNTIME140.dll
0x00007ffe33890000 - 0x00007ffe338a8000 	C:\Program Files\Java\jdk-19\bin\jli.dll
0x00007ffe3e660000 - 0x00007ffe3e708000 	C:\Windows\System32\ADVAPI32.dll
0x00007ffe3d1c0000 - 0x00007ffe3d25e000 	C:\Windows\System32\msvcrt.dll
0x00007ffe3e2f0000 - 0x00007ffe3e392000 	C:\Windows\System32\sechost.dll
0x00007ffe3e770000 - 0x00007ffe3e888000 	C:\Windows\System32\RPCRT4.dll
0x00007ffe3cfc0000 - 0x00007ffe3cfe6000 	C:\Windows\System32\bcrypt.dll
0x00007ffe3d2b0000 - 0x00007ffe3d447000 	C:\Windows\System32\USER32.dll
0x00007ffe3cdf0000 - 0x00007ffe3ce10000 	C:\Windows\System32\win32u.dll
0x00007ffe3d280000 - 0x00007ffe3d2a9000 	C:\Windows\System32\GDI32.dll
0x00007ffe3ce10000 - 0x00007ffe3cfbc000 	C:\Windows\System32\gdi32full.dll
0x00007ffe3cff0000 - 0x00007ffe3d090000 	C:\Windows\System32\msvcp_win.dll
0x00007ffe218b0000 - 0x00007ffe21b29000 	C:\Windows\WinSxS\amd64_microsoft.windows.common-controls_6595b64144ccf1df_6.0.17763.6893_none_de76a91a534662b0\COMCTL32.dll
0x00007ffe3d450000 - 0x00007ffe3d77b000 	C:\Windows\System32\combase.dll
0x00007ffe3bed0000 - 0x00007ffe3bf52000 	C:\Windows\System32\bcryptPrimitives.dll
0x00007ffe38d90000 - 0x00007ffe38d9a000 	C:\Windows\SYSTEM32\VERSION.dll
0x00007ffe3e630000 - 0x00007ffe3e65e000 	C:\Windows\System32\IMM32.DLL
0x00007ffe351e0000 - 0x00007ffe351ec000 	C:\Program Files\Java\jdk-19\bin\vcruntime140_1.dll
0x00007ffe0eee0000 - 0x00007ffe0ef6e000 	C:\Program Files\Java\jdk-19\bin\msvcp140.dll
0x00007ffdf3890000 - 0x00007ffdf4550000 	C:\Program Files\Java\jdk-19\bin\server\jvm.dll
0x00007ffe38d50000 - 0x00007ffe38d59000 	C:\Windows\SYSTEM32\WSOCK32.dll
0x00007ffe3e500000 - 0x00007ffe3e56d000 	C:\Windows\System32\WS2_32.dll
0x00007ffe37850000 - 0x00007ffe37874000 	C:\Windows\SYSTEM32\WINMM.dll
0x00007ffe376b0000 - 0x00007ffe376dd000 	C:\Windows\SYSTEM32\WINMMBASE.dll
0x00007ffe3c060000 - 0x00007ffe3c0aa000 	C:\Windows\System32\cfgmgr32.dll
0x00007ffe3be00000 - 0x00007ffe3be11000 	C:\Windows\System32\kernel.appcore.dll
0x00007ffe34810000 - 0x00007ffe3481a000 	C:\Program Files\Java\jdk-19\bin\jimage.dll
0x00007ffe3a4d0000 - 0x00007ffe3a6bd000 	C:\Windows\SYSTEM32\DBGHELP.DLL
0x00007ffe24b70000 - 0x00007ffe24b9a000 	C:\Windows\SYSTEM32\dbgcore.DLL
0x00007ffe2baa0000 - 0x00007ffe2baae000 	C:\Program Files\Java\jdk-19\bin\instrument.dll
0x00007ffe1d320000 - 0x00007ffe1d346000 	C:\Program Files\Java\jdk-19\bin\java.dll
0x00007ffe1e540000 - 0x00007ffe1e558000 	C:\Program Files\Java\jdk-19\bin\zip.dll
0x00007ffe0a900000 - 0x00007ffe0a9d7000 	C:\Program Files\Java\jdk-19\bin\jsvml.dll
0x00007ffe3e890000 - 0x00007ffe3fd88000 	C:\Windows\System32\SHELL32.dll
0x00007ffe3d7e0000 - 0x00007ffe3d887000 	C:\Windows\System32\shcore.dll
0x00007ffe3c680000 - 0x00007ffe3cdc8000 	C:\Windows\System32\windows.storage.dll
0x00007ffe3be40000 - 0x00007ffe3be63000 	C:\Windows\System32\profapi.dll
0x00007ffe3be70000 - 0x00007ffe3becd000 	C:\Windows\System32\powrprof.dll
0x00007ffe3e710000 - 0x00007ffe3e762000 	C:\Windows\System32\shlwapi.dll
0x00007ffe3cdd0000 - 0x00007ffe3cdeb000 	C:\Windows\System32\cryptsp.dll
0x00007ffe25140000 - 0x00007ffe25153000 	C:\Program Files\Java\jdk-19\bin\net.dll
0x00007ffe38df0000 - 0x00007ffe38eed000 	C:\Windows\SYSTEM32\WINHTTP.dll
0x00007ffe3b5f0000 - 0x00007ffe3b657000 	C:\Windows\system32\mswsock.dll
0x00007ffe24ab0000 - 0x00007ffe24ac6000 	C:\Program Files\Java\jdk-19\bin\nio.dll
0x00007ffe16e00000 - 0x00007ffe16e1a000 	C:\Users\teacher\AppData\Local\JetBrains\IntelliJ IDEA 2024.3.1.1\bin\breakgen64.dll
0x00007ffe327b0000 - 0x00007ffe327b8000 	C:\Program Files\Java\jdk-19\bin\extnet.dll
0x00007ffe3b320000 - 0x00007ffe3b3e6000 	C:\Windows\SYSTEM32\DNSAPI.dll
0x00007ffe3e3a0000 - 0x00007ffe3e3a8000 	C:\Windows\System32\NSI.dll
0x00007ffe3b2e0000 - 0x00007ffe3b31d000 	C:\Windows\SYSTEM32\IPHLPAPI.DLL
0x00007ffe2fe50000 - 0x00007ffe2fe5a000 	C:\Windows\System32\rasadhlp.dll
0x00007ffe392f0000 - 0x00007ffe39369000 	C:\Windows\System32\fwpuclnt.dll
0x00007ffe25920000 - 0x00007ffe2592a000 	C:\Program Files\Java\jdk-19\bin\management.dll
0x00007ffe1dc80000 - 0x00007ffe1dc8b000 	C:\Program Files\Java\jdk-19\bin\management_ext.dll
0x00007ffe3e030000 - 0x00007ffe3e038000 	C:\Windows\System32\PSAPI.DLL
0x00007ffe3b110000 - 0x00007ffe3b143000 	C:\Windows\system32\rsaenh.dll
0x00007ffe3bd30000 - 0x00007ffe3bd59000 	C:\Windows\SYSTEM32\USERENV.dll
0x00007ffe3b7c0000 - 0x00007ffe3b7cc000 	C:\Windows\SYSTEM32\CRYPTBASE.dll
0x00007ffe38fd0000 - 0x00007ffe38fe6000 	C:\Windows\SYSTEM32\dhcpcsvc6.DLL
0x00007ffe38dc0000 - 0x00007ffe38ddc000 	C:\Windows\SYSTEM32\dhcpcsvc.DLL
0x00007ffe1dd70000 - 0x00007ffe1dd86000 	C:\Windows\system32\napinsp.dll
0x00007ffe1dc90000 - 0x00007ffe1dcaa000 	C:\Windows\system32\pnrpnsp.dll
0x00007ffe1dc70000 - 0x00007ffe1dc7e000 	C:\Windows\System32\winrnr.dll
0x00007ffe37cb0000 - 0x00007ffe37ccb000 	C:\Windows\system32\NLAapi.dll
0x00007ffe1d1e0000 - 0x00007ffe1d1f5000 	C:\Windows\system32\wshbth.dll
0x00007ffe38850000 - 0x00007ffe3889e000 	C:\Windows\SYSTEM32\pdh.dll
0x00007ffe3a770000 - 0x00007ffe3a77f000 	C:\Windows\System32\perfproc.dll
0x00007ffe38350000 - 0x00007ffe3835e000 	C:\Windows\System32\perfos.dll

dbghelp: loaded successfully - version: 4.0.5 - missing functions: none
symbol engine: initialized successfully - sym options: 0x614 - pdb path: .;C:\Program Files\Java\jdk-19\bin;C:\Windows\SYSTEM32;C:\Windows\WinSxS\amd64_microsoft.windows.common-controls_6595b64144ccf1df_6.0.17763.6893_none_de76a91a534662b0;C:\Program Files\Java\jdk-19\bin\server;C:\Users\teacher\AppData\Local\JetBrains\IntelliJ IDEA 2024.3.1.1\bin

VM Arguments:
jvm_args: -ea -Didea.test.cyclic.buffer.size=1048576 -javaagent:C:\Users\teacher\AppData\Local\JetBrains\IntelliJ IDEA 2024.3.1.1\lib\idea_rt.jar=57570:C:\Users\teacher\AppData\Local\JetBrains\IntelliJ IDEA 2024.3.1.1\bin -javaagent:C:\Users\teacher\AppData\Local\JetBrains\IntelliJIdea2024.3\captureAgent\debugger-agent.jar -Dkotlinx.coroutines.debug.enable.creation.stack.trace=false -Ddebugger.agent.enable.coroutines=true -Dkotlinx.coroutines.debug.enable.flows.stack.trace=true -Dkotlinx.coroutines.debug.enable.mutable.state.flows.stack.trace=true -Dfile.encoding=UTF-8 -Dsun.stdout.encoding=UTF-8 -Dsun.stderr.encoding=UTF-8 
java_command: com.intellij.rt.junit.JUnitStarter -ideVersion5 -junit5 vn.aptech.security.CreateUserTests,createUser
java_class_path (initial): C:\Users\teacher\.m2\repository\org\junit\platform\junit-platform-launcher\1.11.4\junit-platform-launcher-1.11.4.jar;C:\Users\teacher\AppData\Local\JetBrains\IntelliJ IDEA 2024.3.1.1\lib\idea_rt.jar;C:\Users\teacher\AppData\Local\JetBrains\IntelliJ IDEA 2024.3.1.1\plugins\junit\lib\junit5-rt.jar;C:\Users\teacher\AppData\Local\JetBrains\IntelliJ IDEA 2024.3.1.1\plugins\junit\lib\junit-rt.jar;C:\Users\teacher\IdeaProjects\spring-security-demo\target\test-classes;C:\Users\teacher\IdeaProjects\spring-security-demo\target\classes;C:\Users\teacher\.m2\repository\org\springframework\boot\spring-boot-starter-data-jpa\3.4.3\spring-boot-starter-data-jpa-3.4.3.jar;C:\Users\teacher\.m2\repository\org\springframework\boot\spring-boot-starter\3.4.3\spring-boot-starter-3.4.3.jar;C:\Users\teacher\.m2\repository\org\springframework\boot\spring-boot-starter-logging\3.4.3\spring-boot-starter-logging-3.4.3.jar;C:\Users\teacher\.m2\repository\ch\qos\logback\logback-classic\1.5.16\logback-classic-1.5.16.jar;C:\Users\teacher\.m2\repository\ch\qos\logback\logback-core\1.5.16\logback-core-1.5.16.jar;C:\Users\teacher\.m2\repository\org\apache\logging\log4j\log4j-to-slf4j\2.24.3\log4j-to-slf4j-2.24.3.jar;C:\Users\teacher\.m2\repository\org\apache\logging\log4j\log4j-api\2.24.3\log4j-api-2.24.3.jar;C:\Users\teacher\.m2\repository\org\slf4j\jul-to-slf4j\2.0.16\jul-to-slf4j-2.0.16.jar;C:\Users\teacher\.m2\repository\jakarta\annotation\jakarta.annotation-api\2.1.1\jakarta.annotation-api-2.1.1.jar;C:\Users\teacher\.m2\repository\org\yaml\snakeyaml\2.3\snakeyaml-2.3.jar;C:\Users\teacher\.m2\repository\org\springframework\boot\spring-boot-starter-jdbc\3.4.3\spring-boot-starter-jdbc-3.4.3.jar;C:\Users\teacher\.m2\repository\com\zaxxer\HikariCP\5.1.0\HikariCP-5.1.0.jar;C:\Users\teacher\.m2\repository\org\springframework\spring-jdbc\6.2.3\spring-jdbc-6.2.3.jar;C:\Users\teacher\.m2\repository\org\hibernate\orm\hibernate-core\6.6.8.Final\hibernate-core-6.6.8.Final.jar;C:\Users\teacher\.m2\repository\jakarta\persistence\jakarta.persistence-api\3.1.0\jakarta.persistence-api-3.1.0.jar;C:\Users\teacher\.m2\repository\jakarta\transaction\jakarta.transaction-api\2.0.1\jakarta.transaction-api-2.0.1.jar;C:\Users\teacher\.m2\repository\org\jboss\logging\jboss-logging\3.6.1.Final\jboss-logging-3.6.1.Final.jar;C:\Users\teacher\.m2\repository\org\hibernate\common\hibernate-commons-annotations\7.0.3.Final\hibernate-commons-annotations-7.0.3.Final.jar;C:\Users\teacher\.m2\repository\io\smallrye\jandex\3.2.0\jandex-3.2.0.jar;C:\Users\teacher\.m2\repository\com\fasterxml\classmate\1.7.0\classmate-1.7.0.jar;C:\Users\teacher\.m2\repository\net\bytebuddy\byte-buddy\1.15.11\byte-buddy-1.15.11.jar;C:\Users\teacher\.m2\repository\org\glassfish\jaxb\jaxb-runtime\4.0.5\jaxb-runtime-4.0.5.jar;C:\Users\teacher\.m2\repository\org\glassfish\jaxb\jaxb-core\4.0.5\jaxb-core-4.0.5.jar;C:\Users\teacher\.m2\repository\org\eclipse\angus\angus-activation\2.0.2\angus-activation-2.0.2.jar;C:\Users\teacher\.m2\repository\org\glassfish\jaxb\txw2\4.0.5\txw2-4.0.5.jar;C:\Users\teacher\.m2\repository\com\sun\istack\istack-commons-runtime\4.1.2\istack-commons-runtime-4.1.2.jar;C:\Users\teacher\.m2\repository\jakarta\inject\jakarta.inject-api\2.0.1\jakarta.inject-api-2.0.1.jar;C:\Users\teacher\.m2\repository\org\antlr\antlr4-runtime\4.13.0\antlr4-runtime-4.13.0.jar;C:\Users\teacher\.m2\repository\org\springframework\data\spring-data-jpa\3.4.3\spring-data-jpa-3.4.3.jar;C:\Users\teacher\.m2\repository\org\springframework\data\spring-data-commons\3.4.3\spring-data-commons-3.4.3.jar;C:\Users\teacher\.m2\repository\org\springframework\spring-orm\6.2.3\spring-orm-6.2.3.jar;C:\Users\teacher\.m2\repository\org\springframework\spring-context\6.2.3\spring-context-6.2.3.jar;C:\Users\teacher\.m2\repository\org\springframework\spring-tx\6.2.3\spring-tx-6.2.3.jar;C:\Users\teacher\.m2\repository\org\springframework\spring-beans\6.2.3\spring-beans-6.2.3.jar;C:\Users\teacher\.m2\repository\org\springframework\spring-aspects\6.2.3\spring-aspects-6.2.3.jar;C:\Users\teacher\.m2\repository\org\aspectj\aspectjweaver\1.9.22.1\aspectjweaver-1.9.22.1.jar;C:\Users\teacher\.m2\repository\org\springframework\boot\spring-boot-starter-security\3.4.3\spring-boot-starter-security-3.4.3.jar;C:\Users\teacher\.m2\repository\org\springframework\spring-aop\6.2.3\spring-aop-6.2.3.jar;C:\Users\teacher\.m2\repository\org\springframework\security\spring-security-config\6.4.3\spring-security-config-6.4.3.jar;C:\Users\teacher\.m2\repository\org\springframework\security\spring-security-web\6.4.3\spring-security-web-6.4.3.jar;C:\Users\teacher\.m2\repository\org\springframework\spring-expression\6.2.3\spring-expression-6.2.3.jar;C:\Users\teacher\.m2\repository\org\springframework\boot\spring-boot-starter-thymeleaf\3.4.3\spring-boot-starter-thymeleaf-3.4.3.jar;C:\Users\teacher\.m2\repository\org\thymeleaf\thymeleaf-spring6\3.1.3.RELEASE\thymeleaf-spring6-3.1.3.RELEASE.jar;C:\Users\teacher\.m2\repository\org\thymeleaf\thymeleaf\3.1.3.RELEASE\thymeleaf-3.1.3.RELEASE.jar;C:\Users\teacher\.m2\repository\org\attoparser\attoparser\2.0.7.RELEASE\attoparser-2.0.7.RELEASE.jar;C:\Users\teacher\.m2\repository\org\unbescape\unbescape\1.1.6.RELEASE\unbescape-1.1.6.RELEASE.jar;C:\Users\teacher\.m2\repository\org\springframework\boot\spring-boot-starter-web\3.4.3\spring-boot-starter-web-3.4.3.jar;C:\Users\teacher\.m2\repository\org\springframework\boot\spring-boot-starter-json\3.4.3\spring-boot-starter-json-3.4.3.jar;C:\Users\teacher\.m2\repository\com\fasterxml\jackson\core\jackson-databind\2.18.2\jackson-databind-2.18.2.jar;C:\Users\teacher\.m2\repository\com\fasterxml\jackson\core\jackson-annotations\2.18.2\jackson-annotations-2.18.2.jar;C:\Users\teacher\.m2\repository\com\fasterxml\jackson\core\jackson-core\2.18.2\jackson-core-2.18.2.jar;C:\Users\teacher\.m2\repository\com\fasterxml\jackson\datatype\jackson-datatype-jdk8\2.18.2\jackson-datatype-jdk8-2.18.2.jar;C:\Users\teacher\.m2\repository\com\fasterxml\jackson\datatype\jackson-datatype-jsr310\2.18.2\jackson-datatype-jsr310-2.18.2.jar;C:\Users\teacher\.m2\repository\com\fasterxml\jackson\module\jackson-module-parameter-names\2.18.2\jackson-module-parameter-names-2.18.2.jar;C:\Users\teacher\.m2\repository\org\springframework\boot\spring-boot-starter-tomcat\3.4.3\spring-boot-starter-tomcat-3.4.3.jar;C:\Users\teacher\.m2\repository\org\apache\tomcat\embed\tomcat-embed-core\10.1.36\tomcat-embed-core-10.1.36.jar;C:\Users\teacher\.m2\repository\org\apache\tomcat\embed\tomcat-embed-el\10.1.36\tomcat-embed-el-10.1.36.jar;C:\Users\teacher\.m2\repository\org\apache\tomcat\embed\tomcat-embed-websocket\10.1.36\tomcat-embed-websocket-10.1.36.jar;C:\Users\teacher\.m2\repository\org\springframework\spring-web\6.2.3\spring-web-6.2.3.jar;C:\Users\teacher\.m2\repository\io\micrometer\micrometer-observation\1.14.4\micrometer-observation-1.14.4.jar;C:\Users\teacher\.m2\repository\io\micrometer\micrometer-commons\1.14.4\micrometer-commons-1.14.4.jar;C:\Users\teacher\.m2\repository\org\springframework\spring-webmvc\6.2.3\spring-webmvc-6.2.3.jar;C:\Users\teacher\.m2\repository\org\thymeleaf\extras\thymeleaf-extras-springsecurity6\3.1.3.RELEASE\thymeleaf-extras-springsecurity6-3.1.3.RELEASE.jar;C:\Users\teacher\.m2\repository\org\slf4j\slf4j-api\2.0.16\slf4j-api-2.0.16.jar;C:\Users\teacher\.m2\repository\org\springframework\boot\spring-boot-devtools\3.4.3\spring-boot-devtools-3.4.3.jar;C:\Users\teacher\.m2\repository\org\springframework\boot\spring-boot\3.4.3\spring-boot-3.4.3.jar;C:\Users\teacher\.m2\repository\org\springframework\boot\spring-boot-autoconfigure\3.4.3\spring-boot-autoconfigure-3.4.3.jar;C:\Users\teacher\.m2\repository\org\postgresql\postgresql\42.7.5\postgresql-42.7.5.jar;C:\Users\teacher\.m2\repository\org\checkerframework\checker-qual\3.48.3\checker-qual-3.48.3.jar;C:\Users\teacher\.m2\repository\org\projectlombok\lombok\1.18.36\lombok-1.18.36.jar;C:\Users\teacher\.m2\repository\org\springframework\boot\spring-boot-starter-test\3.4.3\spring-boot-starter-test-3.4.3.jar;C:\Users\teacher\.m2\repository\org\springframework\boot\spring-boot-test\3.4.3\spring-boot-test-3.4.3.jar;C:\Users\teacher\.m2\repository\org\springframework\boot\spring-boot-test-autoconfigure\3.4.3\spring-boot-test-autoconfigure-3.4.3.jar;C:\Users\teacher\.m2\repository\com\jayway\jsonpath\json-path\2.9.0\json-path-2.9.0.jar;C:\Users\teacher\.m2\repository\jakarta\xml\bind\jakarta.xml.bind-api\4.0.2\jakarta.xml.bind-api-4.0.2.jar;C:\Users\teacher\.m2\repository\jakarta\activation\jakarta.activation-api\2.1.3\jakarta.activation-api-2.1.3.jar;C:\Users\teacher\.m2\repository\net\minidev\json-smart\2.5.2\json-smart-2.5.2.jar;C:\Users\teacher\.m2\repository\net\minidev\accessors-smart\2.5.2\accessors-smart-2.5.2.jar;C:\Users\teacher\.m2\repository\org\ow2\asm\asm\9.7.1\asm-9.7.1.jar;C:\Users\teacher\.m2\repository\org\assertj\assertj-core\3.26.3\assertj-core-3.26.3.jar;C:\Users\teacher\.m2\repository\org\awaitility\awaitility\4.2.2\awaitility-4.2.2.jar;C:\Users\teacher\.m2\repository\org\hamcrest\hamcrest\2.2\hamcrest-2.2.jar;C:\Users\teacher\.m2\repository\org\junit\jupiter\junit-jupiter\5.11.4\junit-jupiter-5.11.4.jar;C:\Users\teacher\.m2\repository\org\junit\jupiter\junit-jupiter-api\5.11.4\junit-jupiter-api-5.11.4.jar;C:\Users\teacher\.m2\repository\org\opentest4j\opentest4j\1.3.0\opentest4j-1.3.0.jar;C:\Users\teacher\.m2\repository\org\junit\platform\junit-platform-commons\1.11.4\junit-platform-commons-1.11.4.jar;C:\Users\teacher\.m2\repository\org\apiguardian\apiguardian-api\1.1.2\apiguardian-api-1.1.2.jar;C:\Users\teacher\.m2\repository\org\junit\jupiter\junit-jupiter-params\5.11.4\junit-jupiter-params-5.11.4.jar;C:\Users\teacher\.m2\repository\org\junit\jupiter\junit-jupiter-engine\5.11.4\junit-jupiter-engine-5.11.4.jar;C:\Users\teacher\.m2\repository\org\junit\platform\junit-platform-engine\1.11.4\junit-platform-engine-1.11.4.jar;C:\Users\teacher\.m2\repository\org\mockito\mockito-core\5.14.2\mockito-core-5.14.2.jar;C:\Users\teacher\.m2\repository\net\bytebuddy\byte-buddy-agent\1.15.11\byte-buddy-agent-1.15.11.jar;C:\Users\teacher\.m2\repository\org\objenesis\objenesis\3.3\objenesis-3.3.jar;C:\Users\teacher\.m2\repository\org\mockito\mockito-junit-jupiter\5.14.2\mockito-junit-jupiter-5.14.2.jar;C:\Users\teacher\.m2\repository\org\skyscreamer\jsonassert\1.5.3\jsonassert-1.5.3.jar;C:\Users\teacher\.m2\repository\com\vaadin\external\google\android-json\0.0.20131108.vaadin1\android-json-0.0.20131108.vaadin1.jar;C:\Users\teacher\.m2\repository\org\springframework\spring-core\6.2.3\spring-core-6.2.3.jar;C:\Users\teacher\.m2\repository\org\springframework\spring-jcl\6.2.3\spring-jcl-6.2.3.jar;C:\Users\teacher\.m2\repository\org\springframework\spring-test\6.2.3\spring-test-6.2.3.jar;C:\Users\teacher\.m2\repository\org\xmlunit\xmlunit-core\2.10.0\xmlunit-core-2.10.0.jar;C:\Users\teacher\.m2\repository\org\springframework\security\spring-security-test\6.4.3\spring-security-test-6.4.3.jar;C:\Users\teacher\.m2\repository\org\springframework\security\spring-security-core\6.4.3\spring-security-core-6.4.3.jar;C:\Users\teacher\.m2\repository\org\springframework\security\spring-security-crypto\6.4.3\spring-security-crypto-6.4.3.jar
Launcher Type: SUN_STANDARD

[Global flags]
     intx CICompilerCount                          = 3                                         {product} {ergonomic}
     uint ConcGCThreads                            = 1                                         {product} {ergonomic}
     uint G1ConcRefinementThreads                  = 4                                         {product} {ergonomic}
   size_t G1HeapRegionSize                         = 1048576                                   {product} {ergonomic}
    uintx GCDrainStackTargetSize                   = 64                                        {product} {ergonomic}
   size_t InitialHeapSize                          = 132120576                                 {product} {ergonomic}
   size_t MarkStackSize                            = 4194304                                   {product} {ergonomic}
   size_t MaxHeapSize                              = 2113929216                                {product} {ergonomic}
   size_t MaxNewSize                               = 1267728384                                {product} {ergonomic}
   size_t MinHeapDeltaBytes                        = 1048576                                   {product} {ergonomic}
   size_t MinHeapSize                              = 8388608                                   {product} {ergonomic}
    uintx NonNMethodCodeHeapSize                   = 5832780                                {pd product} {ergonomic}
    uintx NonProfiledCodeHeapSize                  = 122912730                              {pd product} {ergonomic}
    uintx ProfiledCodeHeapSize                     = 122912730                              {pd product} {ergonomic}
    uintx ReservedCodeCacheSize                    = 251658240                              {pd product} {ergonomic}
     bool SegmentedCodeCache                       = true                                      {product} {ergonomic}
   size_t SoftMaxHeapSize                          = 2113929216                             {manageable} {ergonomic}
     bool UseCompressedClassPointers               = true                           {product lp64_product} {ergonomic}
     bool UseCompressedOops                        = true                           {product lp64_product} {ergonomic}
     bool UseG1GC                                  = true                                      {product} {ergonomic}
     bool UseLargePagesIndividualAllocation        = false                                  {pd product} {ergonomic}

Logging:
Log output configuration:
 #0: stdout all=warning uptime,level,tags foldmultilines=false
 #1: stderr all=off uptime,level,tags foldmultilines=false

Environment Variables:
PATH=C:\Program Files\Common Files\Oracle\Java\javapath;C:\Program Files (x86)\Common Files\Oracle\Java\javapath;C:\Windows\system32;C:\Windows;C:\Windows\System32\Wbem;C:\Windows\System32\WindowsPowerShell\v1.0\;C:\Windows\System32\OpenSSH\;C:\Program Files\Microsoft SQL Server\110\Tools\Binn\;C:\Program Files (x86)\Microsoft SQL Server\110\Tools\Binn\;C:\Program Files\Microsoft SQL Server\110\DTS\Binn\;C:\Program Files (x86)\Microsoft SQL Server\110\Tools\Binn\ManagementStudio\;C:\Program Files (x86)\Microsoft SQL Server\110\DTS\Binn\;C:\Program Files\Microsoft SQL Server\130\Tools\Binn\;C:\Program Files\nodejs\;C:\Program Files\Microsoft SQL Server\150\Tools\Binn\;C:\Program Files\Microsoft SQL Server\Client SDK\ODBC\170\Tools\Binn\;C:\Program Files (x86)\Microsoft SQL Server\160\Tools\Binn\;C:\Program Files\Microsoft SQL Server\160\Tools\Binn\;C:\Program Files\Microsoft SQL Server\160\DTS\Binn\;C:\Program Files (x86)\Microsoft SQL Server\160\DTS\Binn\;C:\Program Files\Azure Data Studio\bin;C:\Program Files\dotnet\;C:\xampp\php;C:\ProgramData\ComposerSetup\bin;C:\Users\teacher\AppData\Local\Microsoft\WindowsApps;C:\Users\teacher\AppData\Local\Programs\Microsoft VS Code\bin;C:\Users\teacher\.dotnet\tools;C:\Users\teacher\AppData\Local\Programs\Git\cmd
USERNAME=teacher
OS=Windows_NT
PROCESSOR_IDENTIFIER=Intel64 Family 6 Model 158 Stepping 11, GenuineIntel
TMP=C:\Users\teacher\AppData\Local\Temp
TEMP=C:\Users\teacher\AppData\Local\Temp



---------------  S Y S T E M  ---------------

OS:
 Windows 10 , 64 bit Build 17763 (10.0.17763.6292)
OS uptime: 4 days 23:00 hours

CPU: total 4 (initial active 4) (4 cores per cpu, 1 threads per core) family 6 model 158 stepping 11 microcode 0xde, cx8, cmov, fxsr, mmx, 3dnowpref, sse, sse2, sse3, ssse3, sse4.1, sse4.2, popcnt, lzcnt, tsc, tscinvbit, avx, avx2, aes, erms, clmul, bmi1, bmi2, adx, fma, vzeroupper, clflush, clflushopt, rdtscp

Memory: 4k page, system-wide physical 8062M (582M free)
TotalPageFile size 11348M (AvailPageFile size 5M)
current process WorkingSet (physical memory assigned to process): 132M, peak: 132M
current process commit charge ("private bytes"): 262M, peak: 262M

vm_info: Java HotSpot(TM) 64-Bit Server VM (19.0.2+7-44) for windows-amd64 JRE (19.0.2+7-44), built on 2022-11-30T18:02:09Z by "mach5one" with MS VC++ 17.1 (VS2022)

END.
