#
# There is insufficient memory for the Java Runtime Environment to continue.
# Native memory allocation (malloc) failed to allocate 131088 bytes for Chunk::new
# Possible reasons:
#   The system is out of physical RAM or swap space
#   The process is running with CompressedOops enabled, and the Java Heap may be blocking the growth of the native heap
# Possible solutions:
#   Reduce memory load on the system
#   Increase physical memory or swap space
#   Check if swap backing store is full
#   Decrease Java heap size (-Xmx/-Xms)
#   Decrease number of Java threads
#   Decrease Java thread stack sizes (-Xss)
#   Set larger code cache with -XX:ReservedCodeCacheSize=
#   JVM is running with Unscaled Compressed Oops mode in which the Java heap is
#     placed in the first 4GB address space. The Java Heap base address is the
#     maximum limit for the native heap growth. Please use -XX:HeapBaseMinAddress
#     to set the Java Heap base and to place the Java Heap above 4GB virtual address.
# This output file may be truncated or incomplete.
#
#  Out of Memory Error (arena.cpp:184), pid=7812, tid=9976
#
# JRE version: Java(TM) SE Runtime Environment (19.0.2+7) (build 19.0.2+7-44)
# Java VM: Java HotSpot(TM) 64-Bit Server VM (19.0.2+7-44, mixed mode, sharing, tiered, compressed oops, compressed class ptrs, g1 gc, windows-amd64)
# No core dump will be written. Minidumps are not enabled by default on client versions of Windows
#

---------------  S U M M A R Y ------------

Command Line: -ea -Didea.test.cyclic.buffer.size=1048576 -javaagent:C:\Users\teacher\AppData\Local\JetBrains\IntelliJ IDEA 2024.3.1.1\lib\idea_rt.jar=57578:C:\Users\teacher\AppData\Local\JetBrains\IntelliJ IDEA 2024.3.1.1\bin -javaagent:C:\Users\teacher\AppData\Local\JetBrains\IntelliJIdea2024.3\captureAgent\debugger-agent.jar -Dkotlinx.coroutines.debug.enable.creation.stack.trace=false -Ddebugger.agent.enable.coroutines=true -Dkotlinx.coroutines.debug.enable.flows.stack.trace=true -Dkotlinx.coroutines.debug.enable.mutable.state.flows.stack.trace=true -Dfile.encoding=UTF-8 -Dsun.stdout.encoding=UTF-8 -Dsun.stderr.encoding=UTF-8 com.intellij.rt.junit.JUnitStarter -ideVersion5 -junit5 vn.aptech.security.CreateUserTests,createUser

Host: Intel(R) Core(TM) i3-8100 CPU @ 3.60GHz, 4 cores, 7G,  Windows 10 , 64 bit Build 17763 (10.0.17763.6292)
Time: Mon Mar  3 20:17:31 2025 SE Asia Standard Time elapsed time: 7.463727 seconds (0d 0h 0m 7s)

---------------  T H R E A D  ---------------

Current thread (0x0000016525e3af40):  JavaThread "C2 CompilerThread0" daemon [_thread_in_native, id=9976, stack(0x0000001827a00000,0x0000001827b00000)]


Current CompileTask:
C2:   7463 5598       4       org.springframework.core.annotation.TypeMappedAnnotations::get (52 bytes)

Stack: [0x0000001827a00000,0x0000001827b00000]
Native frames: (J=compiled Java code, j=interpreted, Vv=VM code, C=native code)
V  [jvm.dll+0x6ee21a]
V  [jvm.dll+0x85765e]
V  [jvm.dll+0x85904e]
V  [jvm.dll+0x859703]
V  [jvm.dll+0x28298f]
V  [jvm.dll+0xc9adf]
V  [jvm.dll+0xc9e65]
V  [jvm.dll+0xc9c04]
V  [jvm.dll+0x7137fa]
V  [jvm.dll+0x24d817]
V  [jvm.dll+0x24b673]
V  [jvm.dll+0x1d6ce1]
V  [jvm.dll+0x25b25a]
V  [jvm.dll+0x2596e8]
V  [jvm.dll+0x807588]
V  [jvm.dll+0x80125a]
V  [jvm.dll+0x6ecf0b]
C  [ucrtbase.dll+0x2268a]
C  [KERNEL32.DLL+0x17ac4]
C  [ntdll.dll+0x5a8c1]


---------------  P R O C E S S  ---------------

Threads class SMR info:
_java_thread_list=0x00000165301b8390, length=20, elements={
0x0000016507f2c040, 0x0000016525e304c0, 0x0000016525e31450, 0x0000016525e35fc0,
0x0000016525e375f0, 0x0000016525e38060, 0x0000016525e38990, 0x0000016525e3af40,
0x0000016525e474c0, 0x0000016525e63530, 0x000001652a0c7830, 0x000001652a210fb0,
0x000001652a2f5e30, 0x000001652b461410, 0x000001652b460ec0, 0x000001652b461eb0,
0x000001652b462950, 0x000001652fe4d610, 0x000001652fe49100, 0x000001652fe4e0b0
}

Java Threads: ( => current thread )
  0x0000016507f2c040 JavaThread "main" [_thread_in_vm, id=9820, stack(0x0000001826d00000,0x0000001826e00000)]
  0x0000016525e304c0 JavaThread "Reference Handler" daemon [_thread_blocked, id=5180, stack(0x0000001827400000,0x0000001827500000)]
  0x0000016525e31450 JavaThread "Finalizer" daemon [_thread_blocked, id=13924, stack(0x0000001827500000,0x0000001827600000)]
  0x0000016525e35fc0 JavaThread "Signal Dispatcher" daemon [_thread_blocked, id=9812, stack(0x0000001827600000,0x0000001827700000)]
  0x0000016525e375f0 JavaThread "Attach Listener" daemon [_thread_blocked, id=11856, stack(0x0000001827700000,0x0000001827800000)]
  0x0000016525e38060 JavaThread "Service Thread" daemon [_thread_blocked, id=12748, stack(0x0000001827800000,0x0000001827900000)]
  0x0000016525e38990 JavaThread "Monitor Deflation Thread" daemon [_thread_blocked, id=10424, stack(0x0000001827900000,0x0000001827a00000)]
=>0x0000016525e3af40 JavaThread "C2 CompilerThread0" daemon [_thread_in_native, id=9976, stack(0x0000001827a00000,0x0000001827b00000)]
  0x0000016525e474c0 JavaThread "C1 CompilerThread0" daemon [_thread_blocked, id=5732, stack(0x0000001827b00000,0x0000001827c00000)]
  0x0000016525e63530 JavaThread "Sweeper thread" daemon [_thread_blocked, id=4172, stack(0x0000001827c00000,0x0000001827d00000)]
  0x000001652a0c7830 JavaThread "Common-Cleaner" daemon [_thread_blocked, id=10184, stack(0x0000001827d00000,0x0000001827e00000)]
  0x000001652a210fb0 JavaThread "Monitor Ctrl-Break" daemon [_thread_in_native, id=8532, stack(0x0000001827e00000,0x0000001827f00000)]
  0x000001652a2f5e30 JavaThread "Notification Thread" daemon [_thread_blocked, id=9988, stack(0x0000001827f00000,0x0000001828000000)]
  0x000001652b461410 JavaThread "RMI TCP Accept-0" daemon [_thread_in_native, id=13576, stack(0x0000001828500000,0x0000001828600000)]
  0x000001652b460ec0 JavaThread "RMI TCP Connection(1)-10.0.1.211" daemon [_thread_in_native, id=12840, stack(0x0000001828600000,0x0000001828700000)]
  0x000001652b461eb0 JavaThread "RMI Scheduler(0)" daemon [_thread_blocked, id=6728, stack(0x0000001828700000,0x0000001828800000)]
  0x000001652b462950 JavaThread "JMX server connection timeout 29" daemon [_thread_blocked, id=8564, stack(0x0000001828800000,0x0000001828900000)]
  0x000001652fe4d610 JavaThread "PostgreSQL-JDBC-Cleaner" daemon [_thread_blocked, id=12184, stack(0x0000001828a00000,0x0000001828b00000)]
  0x000001652fe49100 JavaThread "HikariPool-1 housekeeper" daemon [_thread_blocked, id=2876, stack(0x0000001828b00000,0x0000001828c00000)]
  0x000001652fe4e0b0 JavaThread "HikariPool-1 connection adder" daemon [_thread_blocked, id=6748, stack(0x0000001828c00000,0x0000001828d00000)]

Other Threads:
  0x0000016525e165a0 VMThread "VM Thread" [stack: 0x0000001827300000,0x0000001827400000] [id=11028]
  0x000001652a29fc30 WatcherThread "VM Periodic Task Thread" [stack: 0x0000001828000000,0x0000001828100000] [id=5928]
  0x0000016507f47bc0 WorkerThread "GC Thread#0" [stack: 0x0000001826e00000,0x0000001826f00000] [id=12884]
  0x000001652a809920 WorkerThread "GC Thread#1" [stack: 0x0000001828200000,0x0000001828300000] [id=9856]
  0x000001652ac3bb20 WorkerThread "GC Thread#2" [stack: 0x0000001828300000,0x0000001828400000] [id=8028]
  0x000001652ac2be30 WorkerThread "GC Thread#3" [stack: 0x0000001828400000,0x0000001828500000] [id=2428]
  0x0000016507f9e170 ConcurrentGCThread "G1 Main Marker" [stack: 0x0000001826f00000,0x0000001827000000] [id=756]
  0x0000016507f9eab0 WorkerThread "G1 Conc#0" [stack: 0x0000001827000000,0x0000001827100000] [id=14104]
  0x0000016507fce860 ConcurrentGCThread "G1 Refine#0" [stack: 0x0000001827100000,0x0000001827200000] [id=12040]
  0x0000016525cd16f0 ConcurrentGCThread "G1 Service" [stack: 0x0000001827200000,0x0000001827300000] [id=11484]

Threads with active compile tasks:
C2 CompilerThread0     7485 5598       4       org.springframework.core.annotation.TypeMappedAnnotations::get (52 bytes)

VM state: not at safepoint (normal execution)

VM Mutex/Monitor currently owned by a thread:  ([mutex/lock_event])
[0x0000016507f268e0] Metaspace_lock - owner thread: 0x0000016507f2c040

Heap address: 0x0000000082000000, size: 2016 MB, Compressed Oops mode: 32-bit

CDS archive(s) mapped at: [0x0000000800000000-0x0000000800c40000-0x0000000800c40000), size 12845056, SharedBaseAddress: 0x0000000800000000, ArchiveRelocationMode: 0.
Compressed class space mapped at: 0x0000000801000000-0x0000000841000000, reserved size: 1073741824
Narrow klass base: 0x0000000800000000, Narrow klass shift: 0, Narrow klass range: 0x100000000

GC Precious Log:
 CardTable entry size: 512
 Card Set container configuration: InlinePtr #cards 5 size 8 Array Of Cards #cards 12 size 40 Howl #buckets 4 coarsen threshold 1843 Howl Bitmap #cards 512 size 80 coarsen threshold 460 Card regions per heap region 1 cards per card region 2048
 CPUs: 4 total, 4 available
 Memory: 8062M
 Large Page Support: Disabled
 NUMA Support: Disabled
 Compressed Oops: Enabled (32-bit)
 Heap Region Size: 1M
 Heap Min Capacity: 8M
 Heap Initial Capacity: 126M
 Heap Max Capacity: 2016M
 Pre-touch: Disabled
 Parallel Workers: 4
 Concurrent Workers: 1
 Concurrent Refinement Workers: 4
 Periodic GC: Disabled

Heap:
 garbage-first heap   total 58368K, used 35456K [0x0000000082000000, 0x0000000100000000)
  region size 1024K, 13 young (13312K), 1 survivors (1024K)
 Metaspace       used 66679K, committed 67264K, reserved 1114112K
  class space    used 8662K, committed 8960K, reserved 1048576K

Heap Regions: E=young(eden), S=young(survivor), O=old, HS=humongous(starts), HC=humongous(continues), CS=collection set, F=free, OA=open archive, CA=closed archive, TAMS=top-at-mark-start (previous, next)
|   0|0x0000000082000000, 0x0000000082100000, 0x0000000082100000|100%|HS|  |TAMS 0x0000000082100000, 0x0000000082000000| Complete 
|   1|0x0000000082100000, 0x0000000082200000, 0x0000000082200000|100%|HS|  |TAMS 0x0000000082200000, 0x0000000082100000| Complete 
|   2|0x0000000082200000, 0x0000000082300000, 0x0000000082300000|100%| O|  |TAMS 0x0000000082300000, 0x0000000082200000| Untracked 
|   3|0x0000000082300000, 0x0000000082400000, 0x0000000082400000|100%| O|  |TAMS 0x0000000082400000, 0x0000000082300000| Untracked 
|   4|0x0000000082400000, 0x0000000082500000, 0x0000000082500000|100%| O|  |TAMS 0x0000000082500000, 0x0000000082400000| Untracked 
|   5|0x0000000082500000, 0x0000000082600000, 0x0000000082600000|100%| O|  |TAMS 0x0000000082600000, 0x0000000082500000| Untracked 
|   6|0x0000000082600000, 0x0000000082700000, 0x0000000082700000|100%| O|  |TAMS 0x0000000082700000, 0x0000000082600000| Untracked 
|   7|0x0000000082700000, 0x0000000082700000, 0x0000000082800000|  0%| F|  |TAMS 0x0000000082700000, 0x0000000082700000| Untracked 
|   8|0x0000000082800000, 0x0000000082900000, 0x0000000082900000|100%| O|  |TAMS 0x0000000082900000, 0x0000000082800000| Untracked 
|   9|0x0000000082900000, 0x0000000082a00000, 0x0000000082a00000|100%| O|  |TAMS 0x0000000082a00000, 0x0000000082900000| Untracked 
|  10|0x0000000082a00000, 0x0000000082b00000, 0x0000000082b00000|100%| O|  |TAMS 0x0000000082b00000, 0x0000000082a00000| Untracked 
|  11|0x0000000082b00000, 0x0000000082c00000, 0x0000000082c00000|100%| O|  |TAMS 0x0000000082c00000, 0x0000000082b00000| Untracked 
|  12|0x0000000082c00000, 0x0000000082d00000, 0x0000000082d00000|100%| O|  |TAMS 0x0000000082d00000, 0x0000000082c00000| Untracked 
|  13|0x0000000082d00000, 0x0000000082e00000, 0x0000000082e00000|100%| O|  |TAMS 0x0000000082e00000, 0x0000000082d00000| Untracked 
|  14|0x0000000082e00000, 0x0000000082f00000, 0x0000000082f00000|100%| O|  |TAMS 0x0000000082f00000, 0x0000000082e00000| Untracked 
|  15|0x0000000082f00000, 0x0000000083000000, 0x0000000083000000|100%| O|  |TAMS 0x0000000083000000, 0x0000000082f00000| Untracked 
|  16|0x0000000083000000, 0x0000000083100000, 0x0000000083100000|100%| O|  |TAMS 0x0000000083100000, 0x0000000083000000| Untracked 
|  17|0x0000000083100000, 0x0000000083200000, 0x0000000083200000|100%| O|  |TAMS 0x0000000083200000, 0x0000000083100000| Untracked 
|  18|0x0000000083200000, 0x0000000083300000, 0x0000000083300000|100%| O|  |TAMS 0x0000000083300000, 0x0000000083200000| Untracked 
|  19|0x0000000083300000, 0x0000000083400000, 0x0000000083400000|100%| O|  |TAMS 0x0000000083400000, 0x0000000083300000| Untracked 
|  20|0x0000000083400000, 0x0000000083500000, 0x0000000083500000|100%| O|  |TAMS 0x00000000834afc00, 0x0000000083400000| Untracked 
|  21|0x0000000083500000, 0x0000000083600000, 0x0000000083600000|100%| O|  |TAMS 0x0000000083500000, 0x0000000083500000| Untracked 
|  22|0x0000000083600000, 0x0000000083700000, 0x0000000083700000|100%| O|  |TAMS 0x0000000083600000, 0x0000000083600000| Untracked 
|  23|0x0000000083700000, 0x0000000083800000, 0x0000000083800000|100%| O|  |TAMS 0x0000000083700000, 0x0000000083700000| Untracked 
|  24|0x0000000083800000, 0x0000000083900000, 0x0000000083900000|100%| O|  |TAMS 0x0000000083800000, 0x0000000083800000| Untracked 
|  25|0x0000000083900000, 0x0000000083940800, 0x0000000083a00000| 25%| O|  |TAMS 0x0000000083900000, 0x0000000083900000| Untracked 
|  26|0x0000000083a00000, 0x0000000083a00000, 0x0000000083b00000|  0%| F|  |TAMS 0x0000000083a00000, 0x0000000083a00000| Untracked 
|  27|0x0000000083b00000, 0x0000000083b00000, 0x0000000083c00000|  0%| F|  |TAMS 0x0000000083b00000, 0x0000000083b00000| Untracked 
|  28|0x0000000083c00000, 0x0000000083c00000, 0x0000000083d00000|  0%| F|  |TAMS 0x0000000083c00000, 0x0000000083c00000| Untracked 
|  29|0x0000000083d00000, 0x0000000083d00000, 0x0000000083e00000|  0%| F|  |TAMS 0x0000000083d00000, 0x0000000083d00000| Untracked 
|  30|0x0000000083e00000, 0x0000000083e00000, 0x0000000083f00000|  0%| F|  |TAMS 0x0000000083e00000, 0x0000000083e00000| Untracked 
|  31|0x0000000083f00000, 0x0000000083f00000, 0x0000000084000000|  0%| F|  |TAMS 0x0000000083f00000, 0x0000000083f00000| Untracked 
|  32|0x0000000084000000, 0x0000000084000000, 0x0000000084100000|  0%| F|  |TAMS 0x0000000084000000, 0x0000000084000000| Untracked 
|  33|0x0000000084100000, 0x0000000084100000, 0x0000000084200000|  0%| F|  |TAMS 0x0000000084100000, 0x0000000084100000| Untracked 
|  34|0x0000000084200000, 0x0000000084200000, 0x0000000084300000|  0%| F|  |TAMS 0x0000000084200000, 0x0000000084200000| Untracked 
|  35|0x0000000084300000, 0x0000000084300000, 0x0000000084400000|  0%| F|  |TAMS 0x0000000084300000, 0x0000000084300000| Untracked 
|  36|0x0000000084400000, 0x0000000084400000, 0x0000000084500000|  0%| F|  |TAMS 0x0000000084400000, 0x0000000084400000| Untracked 
|  37|0x0000000084500000, 0x0000000084500000, 0x0000000084600000|  0%| F|  |TAMS 0x0000000084500000, 0x0000000084500000| Untracked 
|  38|0x0000000084600000, 0x0000000084600000, 0x0000000084700000|  0%| F|  |TAMS 0x0000000084600000, 0x0000000084600000| Untracked 
|  39|0x0000000084700000, 0x0000000084700000, 0x0000000084800000|  0%| F|  |TAMS 0x0000000084700000, 0x0000000084700000| Untracked 
|  40|0x0000000084800000, 0x0000000084800000, 0x0000000084900000|  0%| F|  |TAMS 0x0000000084800000, 0x0000000084800000| Untracked 
|  41|0x0000000084900000, 0x0000000084900000, 0x0000000084a00000|  0%| F|  |TAMS 0x0000000084900000, 0x0000000084900000| Untracked 
|  42|0x0000000084a00000, 0x0000000084a00000, 0x0000000084b00000|  0%| F|  |TAMS 0x0000000084a00000, 0x0000000084a00000| Untracked 
|  43|0x0000000084b00000, 0x0000000084b00000, 0x0000000084c00000|  0%| F|  |TAMS 0x0000000084b00000, 0x0000000084b00000| Untracked 
|  44|0x0000000084c00000, 0x0000000084c42ae0, 0x0000000084d00000| 26%| E|  |TAMS 0x0000000084c00000, 0x0000000084c00000| Complete 
|  45|0x0000000084d00000, 0x0000000084dfbb98, 0x0000000084e00000| 98%| E|  |TAMS 0x0000000084d00000, 0x0000000084d00000| Complete 
|  46|0x0000000084e00000, 0x0000000084f00000, 0x0000000084f00000|100%| E|CS|TAMS 0x0000000084e00000, 0x0000000084e00000| Complete 
|  47|0x0000000084f00000, 0x0000000085000000, 0x0000000085000000|100%| E|CS|TAMS 0x0000000084f00000, 0x0000000084f00000| Complete 
|  48|0x0000000085000000, 0x0000000085100000, 0x0000000085100000|100%| E|CS|TAMS 0x0000000085000000, 0x0000000085000000| Complete 
|  49|0x0000000085100000, 0x0000000085200000, 0x0000000085200000|100%| E|CS|TAMS 0x0000000085100000, 0x0000000085100000| Complete 
|  50|0x0000000085200000, 0x0000000085300000, 0x0000000085300000|100%| E|CS|TAMS 0x0000000085200000, 0x0000000085200000| Complete 
|  99|0x0000000088300000, 0x0000000088400000, 0x0000000088400000|100%| E|CS|TAMS 0x0000000088300000, 0x0000000088300000| Complete 
| 100|0x0000000088400000, 0x0000000088500000, 0x0000000088500000|100%| E|CS|TAMS 0x0000000088400000, 0x0000000088400000| Complete 
| 101|0x0000000088500000, 0x0000000088600000, 0x0000000088600000|100%| E|CS|TAMS 0x0000000088500000, 0x0000000088500000| Complete 
| 102|0x0000000088600000, 0x0000000088700000, 0x0000000088700000|100%| E|CS|TAMS 0x0000000088600000, 0x0000000088600000| Complete 
| 103|0x0000000088700000, 0x000000008875fb70, 0x0000000088800000| 37%| S|CS|TAMS 0x0000000088700000, 0x0000000088700000| Complete 
| 125|0x0000000089d00000, 0x0000000089e00000, 0x0000000089e00000|100%| E|CS|TAMS 0x0000000089d00000, 0x0000000089d00000| Complete 

Card table byte_map: [0x000001651f260000,0x000001651f650000] _byte_map_base: 0x000001651ee50000

Marking Bits (Prev, Next): (CMBitMap*) 0x0000016507f8cf20, (CMBitMap*) 0x0000016507f8cee0
 Prev Bits: [0x00000165219c0000, 0x0000016523940000)
 Next Bits: [0x000001651fa40000, 0x00000165219c0000)

Polling page: 0x0000016505da0000

Metaspace:

Usage:
  Non-class:     56.66 MB used.
      Class:      8.46 MB used.
       Both:     65.12 MB used.

Virtual space:
  Non-class space:       64.00 MB reserved,      56.94 MB ( 89%) committed,  1 nodes.
      Class space:        1.00 GB reserved,       8.75 MB ( <1%) committed,  1 nodes.
             Both:        1.06 GB reserved,      65.69 MB (  6%) committed. 

Chunk freelists:
   Non-Class:  2.86 MB
       Class:  3.25 MB
        Both:  6.11 MB

MaxMetaspaceSize: unlimited
CompressedClassSpaceSize: 1.00 GB
Initial GC threshold: 21.00 MB
Current GC threshold: 98.88 MB
CDS: on
MetaspaceReclaimPolicy: balanced
 - commit_granule_bytes: 65536.
 - commit_granule_words: 8192.
 - virtual_space_node_default_size: 8388608.
 - enlarge_chunks_in_place: 1.
 - new_chunks_are_fully_committed: 0.
 - uncommit_free_chunks: 1.
 - use_allocation_guard: 0.


Internal statistics:

num_allocs_failed_limit: 12.
num_arena_births: 922.
num_arena_deaths: 0.
num_vsnodes_births: 2.
num_vsnodes_deaths: 0.
num_space_committed: 1051.
num_space_uncommitted: 0.
num_chunks_returned_to_freelist: 12.
num_chunks_taken_from_freelist: 3009.
num_chunk_merges: 12.
num_chunk_splits: 2140.
num_chunks_enlarged: 1666.
num_inconsistent_stats: 0.

CodeHeap 'non-profiled nmethods': size=120000Kb used=2658Kb max_used=2915Kb free=117342Kb
 bounds [0x0000016517940000, 0x0000016517c30000, 0x000001651ee70000]
CodeHeap 'profiled nmethods': size=120000Kb used=9500Kb max_used=10601Kb free=110499Kb
 bounds [0x000001650fe70000, 0x00000165108e0000, 0x00000165173a0000]
CodeHeap 'non-nmethods': size=5760Kb used=1463Kb max_used=1512Kb free=4296Kb
 bounds [0x00000165173a0000, 0x0000016517610000, 0x0000016517940000]
 total_blobs=5475 nmethods=4755 adapters=630
 compilation: enabled
              stopped_count=0, restarted_count=0
 full_count=0

Compilation events (20 events):
Event: 7.431 Thread 0x0000016525e474c0 5599       3       org.springframework.core.annotation.AbstractMergedAnnotation::synthesize (24 bytes)
Event: 7.432 Thread 0x0000016525e474c0 nmethod 5599 0x000001651052eb10 code [0x000001651052ed20, 0x000001651052f3c8]
Event: 7.434 Thread 0x0000016525e474c0 5600       3       org.springframework.transaction.interceptor.AbstractFallbackTransactionAttributeSource::computeTransactionAttribute (112 bytes)
Event: 7.435 Thread 0x0000016525e474c0 nmethod 5600 0x000001650ff3cd10 code [0x000001650ff3d0c0, 0x000001650ff3e9f8]
Event: 7.435 Thread 0x0000016525e474c0 5601       3       java.lang.ReflectiveOperationException::<init> (6 bytes)
Event: 7.435 Thread 0x0000016525e474c0 nmethod 5601 0x000001650ff0a410 code [0x000001650ff0a5c0, 0x000001650ff0a748]
Event: 7.435 Thread 0x0000016525e474c0 5603       3       java.lang.invoke.LambdaForm$DMH/0x000000080100d000::invokeInterface (25 bytes)
Event: 7.435 Thread 0x0000016525e474c0 nmethod 5603 0x000001650ffe9110 code [0x000001650ffe9300, 0x000001650ffe9aa8]
Event: 7.438 Thread 0x0000016525e474c0 5604       3       org.springframework.core.ResolvableType::forMethodParameter (40 bytes)
Event: 7.439 Thread 0x0000016525e474c0 nmethod 5604 0x0000016510300b90 code [0x0000016510300de0, 0x0000016510301968]
Event: 7.439 Thread 0x0000016525e474c0 5605       3       org.springframework.core.BridgeMethodResolver::getMostSpecificMethod (53 bytes)
Event: 7.440 Thread 0x0000016525e474c0 nmethod 5605 0x0000016510216c90 code [0x0000016510216fe0, 0x00000165102185c8]
Event: 7.440 Thread 0x0000016525e474c0 5606       3       java.util.ArrayList::add (65 bytes)
Event: 7.441 Thread 0x0000016525e474c0 nmethod 5606 0x00000165102da710 code [0x00000165102da920, 0x00000165102dafd8]
Event: 7.441 Thread 0x0000016525e474c0 5607       3       java.lang.invoke.LambdaFormEditor::filterArgumentsForm (74 bytes)
Event: 7.441 Thread 0x0000016525e474c0 nmethod 5607 0x0000016510340710 code [0x00000165103408e0, 0x0000016510340b78]
Event: 7.445 Thread 0x0000016525e474c0 5609   !   3       com.intellij.rt.debugger.agent.CaptureStorage$4::run (126 bytes)
Event: 7.446 Thread 0x0000016525e474c0 nmethod 5609 0x000001651002d290 code [0x000001651002d5c0, 0x000001651002e738]
Event: 7.446 Thread 0x0000016525e474c0 5610       3       org.springframework.core.annotation.AnnotationUtils::isCandidateClass (22 bytes)
Event: 7.446 Thread 0x0000016525e474c0 nmethod 5610 0x000001651052e110 code [0x000001651052e320, 0x000001651052e828]

GC Heap History (20 events):
Event: 2.396 GC heap before
{Heap before GC invocations=7 (full 0):
 garbage-first heap   total 58368K, used 39829K [0x0000000082000000, 0x0000000100000000)
  region size 1024K, 27 young (27648K), 1 survivors (1024K)
 Metaspace       used 30602K, committed 31040K, reserved 1114112K
  class space    used 3675K, committed 3904K, reserved 1048576K
}
Event: 2.399 GC heap after
{Heap after GC invocations=8 (full 0):
 garbage-first heap   total 58368K, used 15860K [0x0000000082000000, 0x0000000100000000)
  region size 1024K, 3 young (3072K), 3 survivors (3072K)
 Metaspace       used 30602K, committed 31040K, reserved 1114112K
  class space    used 3675K, committed 3904K, reserved 1048576K
}
Event: 2.988 GC heap before
{Heap before GC invocations=8 (full 0):
 garbage-first heap   total 58368K, used 40436K [0x0000000082000000, 0x0000000100000000)
  region size 1024K, 28 young (28672K), 3 survivors (3072K)
 Metaspace       used 33260K, committed 33728K, reserved 1114112K
  class space    used 3990K, committed 4224K, reserved 1048576K
}
Event: 2.994 GC heap after
{Heap after GC invocations=9 (full 0):
 garbage-first heap   total 58368K, used 17192K [0x0000000082000000, 0x0000000100000000)
  region size 1024K, 2 young (2048K), 2 survivors (2048K)
 Metaspace       used 33260K, committed 33728K, reserved 1114112K
  class space    used 3990K, committed 4224K, reserved 1048576K
}
Event: 3.347 GC heap before
{Heap before GC invocations=9 (full 0):
 garbage-first heap   total 58368K, used 31528K [0x0000000082000000, 0x0000000100000000)
  region size 1024K, 17 young (17408K), 2 survivors (2048K)
 Metaspace       used 35449K, committed 35968K, reserved 1114112K
  class space    used 4294K, committed 4544K, reserved 1048576K
}
Event: 3.351 GC heap after
{Heap after GC invocations=10 (full 0):
 garbage-first heap   total 58368K, used 18266K [0x0000000082000000, 0x0000000100000000)
  region size 1024K, 3 young (3072K), 3 survivors (3072K)
 Metaspace       used 35449K, committed 35968K, reserved 1114112K
  class space    used 4294K, committed 4544K, reserved 1048576K
}
Event: 4.194 GC heap before
{Heap before GC invocations=11 (full 0):
 garbage-first heap   total 58368K, used 44890K [0x0000000082000000, 0x0000000100000000)
  region size 1024K, 29 young (29696K), 3 survivors (3072K)
 Metaspace       used 39812K, committed 40384K, reserved 1114112K
  class space    used 4919K, committed 5184K, reserved 1048576K
}
Event: 4.201 GC heap after
{Heap after GC invocations=12 (full 0):
 garbage-first heap   total 58368K, used 20399K [0x0000000082000000, 0x0000000100000000)
  region size 1024K, 4 young (4096K), 4 survivors (4096K)
 Metaspace       used 39812K, committed 40384K, reserved 1114112K
  class space    used 4919K, committed 5184K, reserved 1048576K
}
Event: 4.636 GC heap before
{Heap before GC invocations=12 (full 0):
 garbage-first heap   total 58368K, used 42927K [0x0000000082000000, 0x0000000100000000)
  region size 1024K, 27 young (27648K), 4 survivors (4096K)
 Metaspace       used 44915K, committed 45568K, reserved 1114112K
  class space    used 5717K, committed 6016K, reserved 1048576K
}
Event: 4.643 GC heap after
{Heap after GC invocations=13 (full 0):
 garbage-first heap   total 58368K, used 21153K [0x0000000082000000, 0x0000000100000000)
  region size 1024K, 3 young (3072K), 3 survivors (3072K)
 Metaspace       used 44915K, committed 45568K, reserved 1114112K
  class space    used 5717K, committed 6016K, reserved 1048576K
}
Event: 5.820 GC heap before
{Heap before GC invocations=13 (full 0):
 garbage-first heap   total 58368K, used 44705K [0x0000000082000000, 0x0000000100000000)
  region size 1024K, 27 young (27648K), 3 survivors (3072K)
 Metaspace       used 53079K, committed 53632K, reserved 1114112K
  class space    used 6690K, committed 6912K, reserved 1048576K
}
Event: 5.829 GC heap after
{Heap after GC invocations=14 (full 0):
 garbage-first heap   total 58368K, used 23091K [0x0000000082000000, 0x0000000100000000)
  region size 1024K, 3 young (3072K), 3 survivors (3072K)
 Metaspace       used 53079K, committed 53632K, reserved 1114112K
  class space    used 6690K, committed 6912K, reserved 1048576K
}
Event: 6.500 GC heap before
{Heap before GC invocations=14 (full 0):
 garbage-first heap   total 58368K, used 44595K [0x0000000082000000, 0x0000000100000000)
  region size 1024K, 25 young (25600K), 3 survivors (3072K)
 Metaspace       used 57301K, committed 57920K, reserved 1114112K
  class space    used 7202K, committed 7488K, reserved 1048576K
}
Event: 6.506 GC heap after
{Heap after GC invocations=15 (full 0):
 garbage-first heap   total 58368K, used 24532K [0x0000000082000000, 0x0000000100000000)
  region size 1024K, 4 young (4096K), 4 survivors (4096K)
 Metaspace       used 57301K, committed 57920K, reserved 1114112K
  class space    used 7202K, committed 7488K, reserved 1048576K
}
Event: 6.637 GC heap before
{Heap before GC invocations=15 (full 0):
 garbage-first heap   total 58368K, used 29652K [0x0000000082000000, 0x0000000100000000)
  region size 1024K, 11 young (11264K), 4 survivors (4096K)
 Metaspace       used 59535K, committed 60160K, reserved 1114112K
  class space    used 7541K, committed 7872K, reserved 1048576K
}
Event: 6.641 GC heap after
{Heap after GC invocations=16 (full 0):
 garbage-first heap   total 58368K, used 24915K [0x0000000082000000, 0x0000000100000000)
  region size 1024K, 2 young (2048K), 2 survivors (2048K)
 Metaspace       used 59535K, committed 60160K, reserved 1114112K
  class space    used 7541K, committed 7872K, reserved 1048576K
}
Event: 7.047 GC heap before
{Heap before GC invocations=17 (full 0):
 garbage-first heap   total 58368K, used 45395K [0x0000000082000000, 0x0000000100000000)
  region size 1024K, 23 young (23552K), 2 survivors (2048K)
 Metaspace       used 64140K, committed 64832K, reserved 1114112K
  class space    used 8320K, committed 8640K, reserved 1048576K
}
Event: 7.051 GC heap after
{Heap after GC invocations=18 (full 0):
 garbage-first heap   total 58368K, used 25080K [0x0000000082000000, 0x0000000100000000)
  region size 1024K, 2 young (2048K), 2 survivors (2048K)
 Metaspace       used 64140K, committed 64832K, reserved 1114112K
  class space    used 8320K, committed 8640K, reserved 1048576K
}
Event: 7.068 GC heap before
{Heap before GC invocations=18 (full 0):
 garbage-first heap   total 58368K, used 26104K [0x0000000082000000, 0x0000000100000000)
  region size 1024K, 3 young (3072K), 2 survivors (2048K)
 Metaspace       used 64353K, committed 64960K, reserved 1114112K
  class space    used 8352K, committed 8640K, reserved 1048576K
}
Event: 7.072 GC heap after
{Heap after GC invocations=19 (full 0):
 garbage-first heap   total 58368K, used 25216K [0x0000000082000000, 0x0000000100000000)
  region size 1024K, 1 young (1024K), 1 survivors (1024K)
 Metaspace       used 64353K, committed 64960K, reserved 1114112K
  class space    used 8352K, committed 8640K, reserved 1048576K
}

Dll operation events (14 events):
Event: 0.007 Loaded shared library C:\Program Files\Java\jdk-19\bin\java.dll
Event: 0.008 Loaded shared library C:\Program Files\Java\jdk-19\bin\zip.dll
Event: 0.017 Loaded shared library C:\Program Files\Java\jdk-19\bin\jsvml.dll
Event: 0.140 Loaded shared library C:\Program Files\Java\jdk-19\bin\instrument.dll
Event: 0.143 Loaded shared library C:\Program Files\Java\jdk-19\bin\net.dll
Event: 0.145 Loaded shared library C:\Program Files\Java\jdk-19\bin\nio.dll
Event: 0.147 Loaded shared library C:\Program Files\Java\jdk-19\bin\zip.dll
Event: 0.158 Loaded shared library C:\Users\teacher\AppData\Local\JetBrains\IntelliJ IDEA 2024.3.1.1\bin\breakgen64.dll
Event: 0.168 Loaded shared library C:\Program Files\Java\jdk-19\bin\extnet.dll
Event: 0.212 Loaded shared library C:\Program Files\Java\jdk-19\bin\jimage.dll
Event: 0.289 Loaded shared library C:\Program Files\Java\jdk-19\bin\management.dll
Event: 0.304 Loaded shared library C:\Program Files\Java\jdk-19\bin\management_ext.dll
Event: 2.290 Loaded shared library C:\Program Files\Java\jdk-19\bin\sunmscapi.dll
Event: 4.363 Loaded shared library C:\Program Files\Java\jdk-19\bin\verify.dll

Deoptimization events (20 events):
Event: 6.197 Thread 0x000001652fe4e0b0 DEOPT PACKING pc=0x000001651081a5cd sp=0x0000001828cfe2e0
Event: 6.197 Thread 0x000001652fe4e0b0 DEOPT UNPACKING pc=0x0000016517407543 sp=0x0000001828cfd768 mode 0
Event: 6.207 Thread 0x000001652fe4e0b0 DEOPT PACKING pc=0x0000016510020623 sp=0x0000001828cfe790
Event: 6.207 Thread 0x000001652fe4e0b0 DEOPT UNPACKING pc=0x0000016517407543 sp=0x0000001828cfdc68 mode 0
Event: 6.367 Thread 0x0000016507f2c040 Uncommon trap: trap_request=0xffffff45 fr.pc=0x0000016517a70c6c relative=0x000000000000004c
Event: 6.367 Thread 0x0000016507f2c040 Uncommon trap: reason=unstable_if action=reinterpret pc=0x0000016517a70c6c method=java.lang.StringConcatHelper.stringOf(Ljava/lang/Object;)Ljava/lang/String; @ 1 c2
Event: 6.367 Thread 0x0000016507f2c040 DEOPT PACKING pc=0x0000016517a70c6c sp=0x0000001826dfb330
Event: 6.367 Thread 0x0000016507f2c040 DEOPT UNPACKING pc=0x0000016517406da3 sp=0x0000001826dfb2c0 mode 2
Event: 6.824 Thread 0x0000016507f2c040 Uncommon trap: trap_request=0xffffff45 fr.pc=0x0000016517b08900 relative=0x0000000000000060
Event: 6.824 Thread 0x0000016507f2c040 Uncommon trap: reason=unstable_if action=reinterpret pc=0x0000016517b08900 method=java.lang.Class.getComponentType()Ljava/lang/Class; @ 4 c2
Event: 6.824 Thread 0x0000016507f2c040 DEOPT PACKING pc=0x0000016517b08900 sp=0x0000001826df9ea0
Event: 6.824 Thread 0x0000016507f2c040 DEOPT UNPACKING pc=0x0000016517406da3 sp=0x0000001826df9e30 mode 2
Event: 6.826 Thread 0x0000016507f2c040 Uncommon trap: trap_request=0xffffff45 fr.pc=0x0000016517b3c620 relative=0x00000000000006c0
Event: 6.826 Thread 0x0000016507f2c040 Uncommon trap: reason=unstable_if action=reinterpret pc=0x0000016517b3c620 method=java.util.HashMap$HashIterator.<init>(Ljava/util/HashMap;)V @ 45 c2
Event: 6.826 Thread 0x0000016507f2c040 DEOPT PACKING pc=0x0000016517b3c620 sp=0x0000001826df9fa0
Event: 6.826 Thread 0x0000016507f2c040 DEOPT UNPACKING pc=0x0000016517406da3 sp=0x0000001826df9e30 mode 2
Event: 6.868 Thread 0x0000016507f2c040 Uncommon trap: trap_request=0xffffff45 fr.pc=0x0000016517a2db8c relative=0x00000000000008ec
Event: 6.868 Thread 0x0000016507f2c040 Uncommon trap: reason=unstable_if action=reinterpret pc=0x0000016517a2db8c method=jdk.internal.org.objectweb.asm.Frame.getAbstractTypeFromDescriptor(Ljdk/internal/org/objectweb/asm/SymbolTable;Ljava/lang/String;I)I @ 189 c2
Event: 6.868 Thread 0x0000016507f2c040 DEOPT PACKING pc=0x0000016517a2db8c sp=0x0000001826df8d10
Event: 6.868 Thread 0x0000016507f2c040 DEOPT UNPACKING pc=0x0000016517406da3 sp=0x0000001826df8cd0 mode 2

Classes loaded (20 events):
Event: 7.457 Loading class org/springframework/boot/web/servlet/server/Session$Cookie
Event: 7.457 Loading class org/springframework/boot/web/servlet/server/Session$Cookie done
Event: 7.457 Loading class org/springframework/boot/web/server/Cookie
Event: 7.457 Loading class org/springframework/boot/web/server/Cookie done
Event: 7.457 Loading class org/springframework/boot/web/servlet/server/SessionStoreDirectory
Event: 7.457 Loading class org/springframework/boot/web/servlet/server/SessionStoreDirectory done
Event: 7.458 Loading class org/springframework/boot/web/server/MimeMappings$DefaultMimeMappings
Event: 7.458 Loading class org/springframework/boot/web/server/MimeMappings$DefaultMimeMappings done
Event: 7.458 Loading class org/springframework/boot/web/server/MimeMappings$LazyMimeMappingsCopy
Event: 7.458 Loading class org/springframework/boot/web/server/MimeMappings$LazyMimeMappingsCopy done
Event: 7.459 Loading class org/springframework/boot/web/server/MimeMappings$Mapping
Event: 7.459 Loading class org/springframework/boot/web/server/MimeMappings$Mapping done
Event: 7.459 Loading class org/springframework/boot/web/servlet/server/Jsp
Event: 7.459 Loading class org/springframework/boot/web/servlet/server/Jsp done
Event: 7.460 Loading class org/springframework/boot/web/servlet/server/DocumentRoot
Event: 7.460 Loading class org/springframework/boot/web/servlet/server/DocumentRoot done
Event: 7.460 Loading class org/springframework/boot/web/servlet/server/StaticResourceJars
Event: 7.460 Loading class org/springframework/boot/web/servlet/server/StaticResourceJars done
Event: 7.461 Loading class org/apache/catalina/core/AprLifecycleListener
Event: 7.461 Loading class org/apache/catalina/core/AprLifecycleListener done

Classes unloaded (0 events):
No events

Classes redefined (1 events):
Event: 0.173 Thread 0x0000016525e165a0 redefined class name=java.lang.Throwable, count=1

Internal exceptions (20 events):
Event: 6.969 Thread 0x0000016507f2c040 Exception <a 'java/lang/NoSuchMethodError'{0x0000000084664f40}: 'int java.lang.invoke.DirectMethodHandle$Holder.invokeStatic(java.lang.Object, java.lang.Object, java.lang.Object, java.lang.Object, java.lang.Object, java.lang.Object)'> (0x0000000084664f40) 
thrown [s\open\src\hotspot\share\interpreter\linkResolver.cpp, line 774]
Event: 6.980 Thread 0x0000016507f2c040 Exception <a 'java/lang/NoSuchMethodError'{0x00000000846fcb30}: 'void java.lang.invoke.DirectMethodHandle$Holder.invokeStatic(java.lang.Object, java.lang.Object, java.lang.Object, int, java.lang.Object)'> (0x00000000846fcb30) 
thrown [s\open\src\hotspot\share\interpreter\linkResolver.cpp, line 774]
Event: 6.981 Thread 0x0000016507f2c040 Exception <a 'java/lang/NoSuchMethodError'{0x000000008450b1e8}: 'void java.lang.invoke.DirectMethodHandle$Holder.invokeInterface(java.lang.Object, java.lang.Object, int, java.lang.Object)'> (0x000000008450b1e8) 
thrown [s\open\src\hotspot\share\interpreter\linkResolver.cpp, line 774]
Event: 6.984 Thread 0x0000016507f2c040 Exception <a 'java/lang/NoSuchMethodError'{0x00000000845368d0}: 'java.lang.Object java.lang.invoke.DirectMethodHandle$Holder.newInvokeSpecial(java.lang.Object, java.lang.Object, int, java.lang.Object)'> (0x00000000845368d0) 
thrown [s\open\src\hotspot\share\interpreter\linkResolver.cpp, line 774]
Event: 6.984 Thread 0x0000016507f2c040 Exception <a 'java/lang/NoSuchMethodError'{0x000000008453ace8}: 'java.lang.Object java.lang.invoke.Invokers$Holder.linkToTargetMethod(java.lang.Object, int, java.lang.Object, java.lang.Object)'> (0x000000008453ace8) 
thrown [s\open\src\hotspot\share\interpreter\linkResolver.cpp, line 774]
Event: 7.005 Thread 0x0000016507f2c040 Exception <a 'java/lang/NoSuchMethodError'{0x0000000084431f08}: 'void java.lang.invoke.DirectMethodHandle$Holder.invokeSpecial(java.lang.Object, java.lang.Object, java.lang.Object, java.lang.Object, java.lang.Object, java.lang.Object, java.lang.Object, java.lang.Object)'> (0x0000000084431f08) 
thrown [s\open\src\hotspot\share\interpreter\linkResolver.cpp, line 774]
Event: 7.010 Thread 0x0000016507f2c040 Exception <a 'java/lang/NoSuchMethodError'{0x0000000084476fb0}: 'void java.lang.invoke.DirectMethodHandle$Holder.invokeSpecial(java.lang.Object, java.lang.Object, int, java.lang.Object)'> (0x0000000084476fb0) 
thrown [s\open\src\hotspot\share\interpreter\linkResolver.cpp, line 774]
Event: 7.035 Thread 0x0000016507f2c040 Exception <a 'java/lang/NoSuchMethodError'{0x0000000084231558}: 'int java.lang.invoke.DirectMethodHandle$Holder.invokeStatic(java.lang.Object, int, java.lang.Object)'> (0x0000000084231558) 
thrown [s\open\src\hotspot\share\interpreter\linkResolver.cpp, line 774]
Event: 7.036 Thread 0x0000016507f2c040 Exception <a 'java/lang/NoSuchMethodError'{0x00000000842508b0}: 'java.lang.Object java.lang.invoke.DirectMethodHandle$Holder.newInvokeSpecial(java.lang.Object, java.lang.Object, java.lang.Object, java.lang.Object, java.lang.Object, int, java.lang.Object)'> (0x00000000842508b0) 
thrown [s\open\src\hotspot\share\interpreter\linkResolver.cpp, line 774]
Event: 7.040 Thread 0x0000016507f2c040 Exception <a 'java/lang/NoSuchMethodError'{0x000000008428e510}: 'java.lang.Object java.lang.invoke.DirectMethodHandle$Holder.newInvokeSpecial(java.lang.Object, java.lang.Object, java.lang.Object, java.lang.Object, java.lang.Object, java.lang.Object, java.lang.Object, java.lang.Object, java.lang.Object, java.lang.Object, java.lang.Object, java.lang.Object)'> (0x000000008428e510) 
thrown [s\open\src\hotspot\share\interpreter\linkResolver.cpp, line 774]
Event: 7.041 Thread 0x0000016507f2c040 Exception <a 'java/lang/NoSuchMethodError'{0x0000000084293880}: 'java.lang.Object java.lang.invoke.DirectMethodHandle$Holder.invokeSpecial(java.lang.Object, java.lang.Object, java.lang.Object, java.lang.Object, java.lang.Object, java.lang.Object, java.lang.Object, java.lang.Object, java.lang.Object, java.lang.Object, java.lang.Object, java.lang.Object, java.lang.Object)'> (0x0000000084293880) 
thrown [s\open\src\hotspot\share\interpreter\linkResolver.cpp, line 774]
Event: 7.041 Thread 0x0000016507f2c040 Exception <a 'java/lang/NoSuchMethodError'{0x0000000084298818}: 'java.lang.Object java.lang.invoke.Invokers$Holder.linkToTargetMethod(java.lang.Object, java.lang.Object, java.lang.Object, java.lang.Object, java.lang.Object, java.lang.Object, java.lang.Object, java.lang.Object, java.lang.Object, java.lang.Object, java.lang.Object, java.lang.Object)'> (0x0000000084298818) 
thrown [s\open\src\hotspot\share\interpreter\linkResolver.cpp, line 774]
Event: 7.079 Thread 0x0000016507f2c040 Exception <a 'java/lang/IncompatibleClassChangeError'{0x0000000089d363a8}: Found class java.lang.Object, but interface was expected> (0x0000000089d363a8) 
thrown [s\open\src\hotspot\share\interpreter\linkResolver.cpp, line 841]
Event: 7.093 Thread 0x0000016507f2c040 Exception <a 'java/lang/NoSuchMethodError'{0x0000000089de5620}: 'java.lang.Object java.lang.invoke.DirectMethodHandle$Holder.newInvokeSpecial(java.lang.Object, java.lang.Object, java.lang.Object, java.lang.Object, java.lang.Object, java.lang.Object, java.lang.Object, int)'> (0x0000000089de5620) 
thrown [s\open\src\hotspot\share\interpreter\linkResolver.cpp, line 774]
Event: 7.094 Thread 0x0000016507f2c040 Exception <a 'java/lang/NoSuchMethodError'{0x0000000089deae60}: 'java.lang.Object java.lang.invoke.DirectMethodHandle$Holder.invokeSpecial(java.lang.Object, java.lang.Object, java.lang.Object, java.lang.Object, java.lang.Object, java.lang.Object, java.lang.Object, java.lang.Object, int)'> (0x0000000089deae60) 
thrown [s\open\src\hotspot\share\interpreter\linkResolver.cpp, line 774]
Event: 7.094 Thread 0x0000016507f2c040 Exception <a 'java/lang/NoSuchMethodError'{0x0000000089df03b0}: 'java.lang.Object java.lang.invoke.Invokers$Holder.linkToTargetMethod(java.lang.Object, java.lang.Object, java.lang.Object, java.lang.Object, java.lang.Object, java.lang.Object, int, java.lang.Object)'> (0x0000000089df03b0) 
thrown [s\open\src\hotspot\share\interpreter\linkResolver.cpp, line 774]
Event: 7.117 Thread 0x0000016507f2c040 Exception <a 'java/lang/NoSuchMethodError'{0x0000000088513150}: 'java.lang.Object java.lang.invoke.DirectMethodHandle$Holder.newInvokeSpecial(java.lang.Object, java.lang.Object, int, java.lang.Object, int, java.lang.Object, java.lang.Object)'> (0x0000000088513150) 
thrown [s\open\src\hotspot\share\interpreter\linkResolver.cpp, line 774]
Event: 7.383 Thread 0x0000016507f2c040 Exception <a 'java/lang/NoSuchMethodError'{0x00000000850ec908}: 'java.lang.Object java.lang.invoke.DirectMethodHandle$Holder.invokeSpecial(java.lang.Object, java.lang.Object, int, java.lang.Object, int)'> (0x00000000850ec908) 
thrown [s\open\src\hotspot\share\interpreter\linkResolver.cpp, line 774]
Event: 7.421 Thread 0x0000016507f2c040 Exception <a 'java/lang/NoSuchMethodError'{0x0000000084fabe18}: 'void java.lang.invoke.Invokers$Holder.invokeExact_MT(java.lang.Object, java.lang.Object, java.lang.Object, java.lang.Object)'> (0x0000000084fabe18) 
thrown [s\open\src\hotspot\share\interpreter\linkResolver.cpp, line 774]
Event: 7.437 Thread 0x0000016507f2c040 Exception <a 'java/lang/NoSuchMethodError'{0x0000000084e656a8}: 'void java.lang.invoke.DirectMethodHandle$Holder.invokeSpecial(java.lang.Object, java.lang.Object, java.lang.Object, java.lang.Object, java.lang.Object, java.lang.Object, java.lang.Object)'> (0x0000000084e656a8) 
thrown [s\open\src\hotspot\share\interpreter\linkResolver.cpp, line 774]

VM Operations (20 events):
Event: 6.030 Executing VM operation: HandshakeAllThreads
Event: 6.030 Executing VM operation: HandshakeAllThreads done
Event: 6.500 Executing VM operation: G1CollectForAllocation
Event: 6.506 Executing VM operation: G1CollectForAllocation done
Event: 6.637 Executing VM operation: CollectForMetadataAllocation
Event: 6.641 Executing VM operation: CollectForMetadataAllocation done
Event: 6.654 Executing VM operation: CollectForMetadataAllocation
Event: 6.654 Executing VM operation: CollectForMetadataAllocation done
Event: 6.671 Executing VM operation: G1PauseRemark
Event: 6.676 Executing VM operation: G1PauseRemark done
Event: 6.689 Executing VM operation: G1PauseCleanup
Event: 6.689 Executing VM operation: G1PauseCleanup done
Event: 6.738 Executing VM operation: HandshakeAllThreads
Event: 6.738 Executing VM operation: HandshakeAllThreads done
Event: 7.047 Executing VM operation: G1CollectForAllocation
Event: 7.051 Executing VM operation: G1CollectForAllocation done
Event: 7.068 Executing VM operation: G1CollectForAllocation
Event: 7.072 Executing VM operation: G1CollectForAllocation done
Event: 7.440 Executing VM operation: HandshakeAllThreads
Event: 7.440 Executing VM operation: HandshakeAllThreads done

Events (20 events):
Event: 6.035 Thread 0x0000016525e63530 flushing nmethod 0x0000016510821610
Event: 6.035 Thread 0x0000016525e63530 flushing nmethod 0x0000016510822290
Event: 6.035 Thread 0x0000016525e63530 flushing nmethod 0x0000016510823a10
Event: 6.035 Thread 0x0000016525e63530 flushing nmethod 0x0000016510824d10
Event: 6.035 Thread 0x0000016525e63530 flushing nmethod 0x0000016510825110
Event: 6.035 Thread 0x0000016525e63530 flushing nmethod 0x0000016510827010
Event: 6.035 Thread 0x0000016525e63530 flushing nmethod 0x0000016510828290
Event: 6.035 Thread 0x0000016525e63530 flushing nmethod 0x0000016510828b10
Event: 6.035 Thread 0x0000016525e63530 flushing nmethod 0x0000016510829110
Event: 6.035 Thread 0x0000016525e63530 flushing nmethod 0x000001651082ae10
Event: 6.035 Thread 0x0000016525e63530 flushing nmethod 0x000001651082bf90
Event: 6.035 Thread 0x0000016525e63530 flushing nmethod 0x000001651082e910
Event: 6.035 Thread 0x0000016525e63530 flushing nmethod 0x000001651082f490
Event: 6.035 Thread 0x0000016525e63530 flushing nmethod 0x0000016510830b90
Event: 6.035 Thread 0x0000016525e63530 flushing nmethod 0x0000016510831710
Event: 6.035 Thread 0x0000016525e63530 flushing nmethod 0x0000016510835910
Event: 6.035 Thread 0x0000016525e63530 flushing nmethod 0x000001651085e010
Event: 6.035 Thread 0x0000016525e63530 flushing nmethod 0x0000016510860310
Event: 6.035 Thread 0x0000016525e63530 flushing nmethod 0x000001651088b090
Event: 7.056 Thread 0x000001652e424270 Thread exited: 0x000001652e424270


Dynamic libraries:
0x00007ff7c9be0000 - 0x00007ff7c9bf0000 	C:\Program Files\Java\jdk-19\bin\java.exe
0x00007ffe3fe70000 - 0x00007ffe4005e000 	C:\Windows\SYSTEM32\ntdll.dll
0x00007ffe3e570000 - 0x00007ffe3e623000 	C:\Windows\System32\KERNEL32.DLL
0x00007ffe3c3e0000 - 0x00007ffe3c67e000 	C:\Windows\System32\KERNELBASE.dll
0x00007ffe3bf60000 - 0x00007ffe3c05a000 	C:\Windows\System32\ucrtbase.dll
0x00007ffe27310000 - 0x00007ffe2732b000 	C:\Program Files\Java\jdk-19\bin\VCRUNTIME140.dll
0x00007ffe33890000 - 0x00007ffe338a8000 	C:\Program Files\Java\jdk-19\bin\jli.dll
0x00007ffe3e660000 - 0x00007ffe3e708000 	C:\Windows\System32\ADVAPI32.dll
0x00007ffe3d1c0000 - 0x00007ffe3d25e000 	C:\Windows\System32\msvcrt.dll
0x00007ffe3e2f0000 - 0x00007ffe3e392000 	C:\Windows\System32\sechost.dll
0x00007ffe3e770000 - 0x00007ffe3e888000 	C:\Windows\System32\RPCRT4.dll
0x00007ffe3cfc0000 - 0x00007ffe3cfe6000 	C:\Windows\System32\bcrypt.dll
0x00007ffe3d2b0000 - 0x00007ffe3d447000 	C:\Windows\System32\USER32.dll
0x00007ffe3cdf0000 - 0x00007ffe3ce10000 	C:\Windows\System32\win32u.dll
0x00007ffe218b0000 - 0x00007ffe21b29000 	C:\Windows\WinSxS\amd64_microsoft.windows.common-controls_6595b64144ccf1df_6.0.17763.6893_none_de76a91a534662b0\COMCTL32.dll
0x00007ffe3d280000 - 0x00007ffe3d2a9000 	C:\Windows\System32\GDI32.dll
0x00007ffe3ce10000 - 0x00007ffe3cfbc000 	C:\Windows\System32\gdi32full.dll
0x00007ffe3d450000 - 0x00007ffe3d77b000 	C:\Windows\System32\combase.dll
0x00007ffe3cff0000 - 0x00007ffe3d090000 	C:\Windows\System32\msvcp_win.dll
0x00007ffe3bed0000 - 0x00007ffe3bf52000 	C:\Windows\System32\bcryptPrimitives.dll
0x00007ffe38d90000 - 0x00007ffe38d9a000 	C:\Windows\SYSTEM32\VERSION.dll
0x00007ffe3e630000 - 0x00007ffe3e65e000 	C:\Windows\System32\IMM32.DLL
0x00007ffe351e0000 - 0x00007ffe351ec000 	C:\Program Files\Java\jdk-19\bin\vcruntime140_1.dll
0x00007ffe0eee0000 - 0x00007ffe0ef6e000 	C:\Program Files\Java\jdk-19\bin\msvcp140.dll
0x00007ffdf3890000 - 0x00007ffdf4550000 	C:\Program Files\Java\jdk-19\bin\server\jvm.dll
0x00007ffe38d50000 - 0x00007ffe38d59000 	C:\Windows\SYSTEM32\WSOCK32.dll
0x00007ffe37850000 - 0x00007ffe37874000 	C:\Windows\SYSTEM32\WINMM.dll
0x00007ffe3e500000 - 0x00007ffe3e56d000 	C:\Windows\System32\WS2_32.dll
0x00007ffe376b0000 - 0x00007ffe376dd000 	C:\Windows\SYSTEM32\WINMMBASE.dll
0x00007ffe3c060000 - 0x00007ffe3c0aa000 	C:\Windows\System32\cfgmgr32.dll
0x00007ffe3be00000 - 0x00007ffe3be11000 	C:\Windows\System32\kernel.appcore.dll
0x00007ffe34810000 - 0x00007ffe3481a000 	C:\Program Files\Java\jdk-19\bin\jimage.dll
0x00007ffe3a4d0000 - 0x00007ffe3a6bd000 	C:\Windows\SYSTEM32\DBGHELP.DLL
0x00007ffe24b70000 - 0x00007ffe24b9a000 	C:\Windows\SYSTEM32\dbgcore.DLL
0x00007ffe2baa0000 - 0x00007ffe2baae000 	C:\Program Files\Java\jdk-19\bin\instrument.dll
0x00007ffe1d320000 - 0x00007ffe1d346000 	C:\Program Files\Java\jdk-19\bin\java.dll
0x00007ffe1e540000 - 0x00007ffe1e558000 	C:\Program Files\Java\jdk-19\bin\zip.dll
0x00007ffe0a900000 - 0x00007ffe0a9d7000 	C:\Program Files\Java\jdk-19\bin\jsvml.dll
0x00007ffe3e890000 - 0x00007ffe3fd88000 	C:\Windows\System32\SHELL32.dll
0x00007ffe3d7e0000 - 0x00007ffe3d887000 	C:\Windows\System32\shcore.dll
0x00007ffe3c680000 - 0x00007ffe3cdc8000 	C:\Windows\System32\windows.storage.dll
0x00007ffe3be40000 - 0x00007ffe3be63000 	C:\Windows\System32\profapi.dll
0x00007ffe3be70000 - 0x00007ffe3becd000 	C:\Windows\System32\powrprof.dll
0x00007ffe3e710000 - 0x00007ffe3e762000 	C:\Windows\System32\shlwapi.dll
0x00007ffe3cdd0000 - 0x00007ffe3cdeb000 	C:\Windows\System32\cryptsp.dll
0x00007ffe25140000 - 0x00007ffe25153000 	C:\Program Files\Java\jdk-19\bin\net.dll
0x00007ffe38df0000 - 0x00007ffe38eed000 	C:\Windows\SYSTEM32\WINHTTP.dll
0x00007ffe3b5f0000 - 0x00007ffe3b657000 	C:\Windows\system32\mswsock.dll
0x00007ffe24ab0000 - 0x00007ffe24ac6000 	C:\Program Files\Java\jdk-19\bin\nio.dll
0x00007ffe0fe00000 - 0x00007ffe0fe1a000 	C:\Users\teacher\AppData\Local\JetBrains\IntelliJ IDEA 2024.3.1.1\bin\breakgen64.dll
0x00007ffe327b0000 - 0x00007ffe327b8000 	C:\Program Files\Java\jdk-19\bin\extnet.dll
0x00007ffe3b320000 - 0x00007ffe3b3e6000 	C:\Windows\SYSTEM32\DNSAPI.dll
0x00007ffe3e3a0000 - 0x00007ffe3e3a8000 	C:\Windows\System32\NSI.dll
0x00007ffe3b2e0000 - 0x00007ffe3b31d000 	C:\Windows\SYSTEM32\IPHLPAPI.DLL
0x00007ffe2fe50000 - 0x00007ffe2fe5a000 	C:\Windows\System32\rasadhlp.dll
0x00007ffe392f0000 - 0x00007ffe39369000 	C:\Windows\System32\fwpuclnt.dll
0x00007ffe25920000 - 0x00007ffe2592a000 	C:\Program Files\Java\jdk-19\bin\management.dll
0x00007ffe1dc80000 - 0x00007ffe1dc8b000 	C:\Program Files\Java\jdk-19\bin\management_ext.dll
0x00007ffe3e030000 - 0x00007ffe3e038000 	C:\Windows\System32\PSAPI.DLL
0x00007ffe3b110000 - 0x00007ffe3b143000 	C:\Windows\system32\rsaenh.dll
0x00007ffe3bd30000 - 0x00007ffe3bd59000 	C:\Windows\SYSTEM32\USERENV.dll
0x00007ffe3b7c0000 - 0x00007ffe3b7cc000 	C:\Windows\SYSTEM32\CRYPTBASE.dll
0x00007ffe38fd0000 - 0x00007ffe38fe6000 	C:\Windows\SYSTEM32\dhcpcsvc6.DLL
0x00007ffe38dc0000 - 0x00007ffe38ddc000 	C:\Windows\SYSTEM32\dhcpcsvc.DLL
0x00007ffe1dd70000 - 0x00007ffe1dd86000 	C:\Windows\system32\napinsp.dll
0x00007ffe1dc90000 - 0x00007ffe1dcaa000 	C:\Windows\system32\pnrpnsp.dll
0x00007ffe1dc70000 - 0x00007ffe1dc7e000 	C:\Windows\System32\winrnr.dll
0x00007ffe37cb0000 - 0x00007ffe37ccb000 	C:\Windows\system32\NLAapi.dll
0x00007ffe1d1e0000 - 0x00007ffe1d1f5000 	C:\Windows\system32\wshbth.dll
0x00007ffe38850000 - 0x00007ffe3889e000 	C:\Windows\SYSTEM32\pdh.dll
0x00007ffe3a770000 - 0x00007ffe3a77f000 	C:\Windows\System32\perfproc.dll
0x00007ffe38350000 - 0x00007ffe3835e000 	C:\Windows\System32\perfos.dll
0x00007ffe33740000 - 0x00007ffe3374e000 	C:\Program Files\Java\jdk-19\bin\sunmscapi.dll
0x00007ffe3c0b0000 - 0x00007ffe3c2c1000 	C:\Windows\System32\CRYPT32.dll
0x00007ffe3be20000 - 0x00007ffe3be32000 	C:\Windows\System32\MSASN1.dll
0x00007ffe3b8c0000 - 0x00007ffe3b8ec000 	C:\Windows\SYSTEM32\ncrypt.dll
0x00007ffe3b880000 - 0x00007ffe3b8bc000 	C:\Windows\SYSTEM32\NTASN1.dll
0x00007ffe1dcd0000 - 0x00007ffe1dce0000 	C:\Program Files\Java\jdk-19\bin\verify.dll

dbghelp: loaded successfully - version: 4.0.5 - missing functions: none
symbol engine: initialized successfully - sym options: 0x614 - pdb path: .;C:\Program Files\Java\jdk-19\bin;C:\Windows\SYSTEM32;C:\Windows\WinSxS\amd64_microsoft.windows.common-controls_6595b64144ccf1df_6.0.17763.6893_none_de76a91a534662b0;C:\Program Files\Java\jdk-19\bin\server;C:\Users\teacher\AppData\Local\JetBrains\IntelliJ IDEA 2024.3.1.1\bin

VM Arguments:
jvm_args: -ea -Didea.test.cyclic.buffer.size=1048576 -javaagent:C:\Users\teacher\AppData\Local\JetBrains\IntelliJ IDEA 2024.3.1.1\lib\idea_rt.jar=57578:C:\Users\teacher\AppData\Local\JetBrains\IntelliJ IDEA 2024.3.1.1\bin -javaagent:C:\Users\teacher\AppData\Local\JetBrains\IntelliJIdea2024.3\captureAgent\debugger-agent.jar -Dkotlinx.coroutines.debug.enable.creation.stack.trace=false -Ddebugger.agent.enable.coroutines=true -Dkotlinx.coroutines.debug.enable.flows.stack.trace=true -Dkotlinx.coroutines.debug.enable.mutable.state.flows.stack.trace=true -Dfile.encoding=UTF-8 -Dsun.stdout.encoding=UTF-8 -Dsun.stderr.encoding=UTF-8 
java_command: com.intellij.rt.junit.JUnitStarter -ideVersion5 -junit5 vn.aptech.security.CreateUserTests,createUser
java_class_path (initial): C:\Users\teacher\.m2\repository\org\junit\platform\junit-platform-launcher\1.11.4\junit-platform-launcher-1.11.4.jar;C:\Users\teacher\AppData\Local\JetBrains\IntelliJ IDEA 2024.3.1.1\lib\idea_rt.jar;C:\Users\teacher\AppData\Local\JetBrains\IntelliJ IDEA 2024.3.1.1\plugins\junit\lib\junit5-rt.jar;C:\Users\teacher\AppData\Local\JetBrains\IntelliJ IDEA 2024.3.1.1\plugins\junit\lib\junit-rt.jar;C:\Users\teacher\IdeaProjects\spring-security-demo\target\test-classes;C:\Users\teacher\IdeaProjects\spring-security-demo\target\classes;C:\Users\teacher\.m2\repository\org\springframework\boot\spring-boot-starter-data-jpa\3.4.3\spring-boot-starter-data-jpa-3.4.3.jar;C:\Users\teacher\.m2\repository\org\springframework\boot\spring-boot-starter\3.4.3\spring-boot-starter-3.4.3.jar;C:\Users\teacher\.m2\repository\org\springframework\boot\spring-boot-starter-logging\3.4.3\spring-boot-starter-logging-3.4.3.jar;C:\Users\teacher\.m2\repository\ch\qos\logback\logback-classic\1.5.16\logback-classic-1.5.16.jar;C:\Users\teacher\.m2\repository\ch\qos\logback\logback-core\1.5.16\logback-core-1.5.16.jar;C:\Users\teacher\.m2\repository\org\apache\logging\log4j\log4j-to-slf4j\2.24.3\log4j-to-slf4j-2.24.3.jar;C:\Users\teacher\.m2\repository\org\apache\logging\log4j\log4j-api\2.24.3\log4j-api-2.24.3.jar;C:\Users\teacher\.m2\repository\org\slf4j\jul-to-slf4j\2.0.16\jul-to-slf4j-2.0.16.jar;C:\Users\teacher\.m2\repository\jakarta\annotation\jakarta.annotation-api\2.1.1\jakarta.annotation-api-2.1.1.jar;C:\Users\teacher\.m2\repository\org\yaml\snakeyaml\2.3\snakeyaml-2.3.jar;C:\Users\teacher\.m2\repository\org\springframework\boot\spring-boot-starter-jdbc\3.4.3\spring-boot-starter-jdbc-3.4.3.jar;C:\Users\teacher\.m2\repository\com\zaxxer\HikariCP\5.1.0\HikariCP-5.1.0.jar;C:\Users\teacher\.m2\repository\org\springframework\spring-jdbc\6.2.3\spring-jdbc-6.2.3.jar;C:\Users\teacher\.m2\repository\org\hibernate\orm\hibernate-core\6.6.8.Final\hibernate-core-6.6.8.Final.jar;C:\Users\teacher\.m2\repository\jakarta\persistence\jakarta.persistence-api\3.1.0\jakarta.persistence-api-3.1.0.jar;C:\Users\teacher\.m2\repository\jakarta\transaction\jakarta.transaction-api\2.0.1\jakarta.transaction-api-2.0.1.jar;C:\Users\teacher\.m2\repository\org\jboss\logging\jboss-logging\3.6.1.Final\jboss-logging-3.6.1.Final.jar;C:\Users\teacher\.m2\repository\org\hibernate\common\hibernate-commons-annotations\7.0.3.Final\hibernate-commons-annotations-7.0.3.Final.jar;C:\Users\teacher\.m2\repository\io\smallrye\jandex\3.2.0\jandex-3.2.0.jar;C:\Users\teacher\.m2\repository\com\fasterxml\classmate\1.7.0\classmate-1.7.0.jar;C:\Users\teacher\.m2\repository\net\bytebuddy\byte-buddy\1.15.11\byte-buddy-1.15.11.jar;C:\Users\teacher\.m2\repository\org\glassfish\jaxb\jaxb-runtime\4.0.5\jaxb-runtime-4.0.5.jar;C:\Users\teacher\.m2\repository\org\glassfish\jaxb\jaxb-core\4.0.5\jaxb-core-4.0.5.jar;C:\Users\teacher\.m2\repository\org\eclipse\angus\angus-activation\2.0.2\angus-activation-2.0.2.jar;C:\Users\teacher\.m2\repository\org\glassfish\jaxb\txw2\4.0.5\txw2-4.0.5.jar;C:\Users\teacher\.m2\repository\com\sun\istack\istack-commons-runtime\4.1.2\istack-commons-runtime-4.1.2.jar;C:\Users\teacher\.m2\repository\jakarta\inject\jakarta.inject-api\2.0.1\jakarta.inject-api-2.0.1.jar;C:\Users\teacher\.m2\repository\org\antlr\antlr4-runtime\4.13.0\antlr4-runtime-4.13.0.jar;C:\Users\teacher\.m2\repository\org\springframework\data\spring-data-jpa\3.4.3\spring-data-jpa-3.4.3.jar;C:\Users\teacher\.m2\repository\org\springframework\data\spring-data-commons\3.4.3\spring-data-commons-3.4.3.jar;C:\Users\teacher\.m2\repository\org\springframework\spring-orm\6.2.3\spring-orm-6.2.3.jar;C:\Users\teacher\.m2\repository\org\springframework\spring-context\6.2.3\spring-context-6.2.3.jar;C:\Users\teacher\.m2\repository\org\springframework\spring-tx\6.2.3\spring-tx-6.2.3.jar;C:\Users\teacher\.m2\repository\org\springframework\spring-beans\6.2.3\spring-beans-6.2.3.jar;C:\Users\teacher\.m2\repository\org\springframework\spring-aspects\6.2.3\spring-aspects-6.2.3.jar;C:\Users\teacher\.m2\repository\org\aspectj\aspectjweaver\1.9.22.1\aspectjweaver-1.9.22.1.jar;C:\Users\teacher\.m2\repository\org\springframework\boot\spring-boot-starter-security\3.4.3\spring-boot-starter-security-3.4.3.jar;C:\Users\teacher\.m2\repository\org\springframework\spring-aop\6.2.3\spring-aop-6.2.3.jar;C:\Users\teacher\.m2\repository\org\springframework\security\spring-security-config\6.4.3\spring-security-config-6.4.3.jar;C:\Users\teacher\.m2\repository\org\springframework\security\spring-security-web\6.4.3\spring-security-web-6.4.3.jar;C:\Users\teacher\.m2\repository\org\springframework\spring-expression\6.2.3\spring-expression-6.2.3.jar;C:\Users\teacher\.m2\repository\org\springframework\boot\spring-boot-starter-thymeleaf\3.4.3\spring-boot-starter-thymeleaf-3.4.3.jar;C:\Users\teacher\.m2\repository\org\thymeleaf\thymeleaf-spring6\3.1.3.RELEASE\thymeleaf-spring6-3.1.3.RELEASE.jar;C:\Users\teacher\.m2\repository\org\thymeleaf\thymeleaf\3.1.3.RELEASE\thymeleaf-3.1.3.RELEASE.jar;C:\Users\teacher\.m2\repository\org\attoparser\attoparser\2.0.7.RELEASE\attoparser-2.0.7.RELEASE.jar;C:\Users\teacher\.m2\repository\org\unbescape\unbescape\1.1.6.RELEASE\unbescape-1.1.6.RELEASE.jar;C:\Users\teacher\.m2\repository\org\springframework\boot\spring-boot-starter-web\3.4.3\spring-boot-starter-web-3.4.3.jar;C:\Users\teacher\.m2\repository\org\springframework\boot\spring-boot-starter-json\3.4.3\spring-boot-starter-json-3.4.3.jar;C:\Users\teacher\.m2\repository\com\fasterxml\jackson\core\jackson-databind\2.18.2\jackson-databind-2.18.2.jar;C:\Users\teacher\.m2\repository\com\fasterxml\jackson\core\jackson-annotations\2.18.2\jackson-annotations-2.18.2.jar;C:\Users\teacher\.m2\repository\com\fasterxml\jackson\core\jackson-core\2.18.2\jackson-core-2.18.2.jar;C:\Users\teacher\.m2\repository\com\fasterxml\jackson\datatype\jackson-datatype-jdk8\2.18.2\jackson-datatype-jdk8-2.18.2.jar;C:\Users\teacher\.m2\repository\com\fasterxml\jackson\datatype\jackson-datatype-jsr310\2.18.2\jackson-datatype-jsr310-2.18.2.jar;C:\Users\teacher\.m2\repository\com\fasterxml\jackson\module\jackson-module-parameter-names\2.18.2\jackson-module-parameter-names-2.18.2.jar;C:\Users\teacher\.m2\repository\org\springframework\boot\spring-boot-starter-tomcat\3.4.3\spring-boot-starter-tomcat-3.4.3.jar;C:\Users\teacher\.m2\repository\org\apache\tomcat\embed\tomcat-embed-core\10.1.36\tomcat-embed-core-10.1.36.jar;C:\Users\teacher\.m2\repository\org\apache\tomcat\embed\tomcat-embed-el\10.1.36\tomcat-embed-el-10.1.36.jar;C:\Users\teacher\.m2\repository\org\apache\tomcat\embed\tomcat-embed-websocket\10.1.36\tomcat-embed-websocket-10.1.36.jar;C:\Users\teacher\.m2\repository\org\springframework\spring-web\6.2.3\spring-web-6.2.3.jar;C:\Users\teacher\.m2\repository\io\micrometer\micrometer-observation\1.14.4\micrometer-observation-1.14.4.jar;C:\Users\teacher\.m2\repository\io\micrometer\micrometer-commons\1.14.4\micrometer-commons-1.14.4.jar;C:\Users\teacher\.m2\repository\org\springframework\spring-webmvc\6.2.3\spring-webmvc-6.2.3.jar;C:\Users\teacher\.m2\repository\org\thymeleaf\extras\thymeleaf-extras-springsecurity6\3.1.3.RELEASE\thymeleaf-extras-springsecurity6-3.1.3.RELEASE.jar;C:\Users\teacher\.m2\repository\org\slf4j\slf4j-api\2.0.16\slf4j-api-2.0.16.jar;C:\Users\teacher\.m2\repository\org\springframework\boot\spring-boot-devtools\3.4.3\spring-boot-devtools-3.4.3.jar;C:\Users\teacher\.m2\repository\org\springframework\boot\spring-boot\3.4.3\spring-boot-3.4.3.jar;C:\Users\teacher\.m2\repository\org\springframework\boot\spring-boot-autoconfigure\3.4.3\spring-boot-autoconfigure-3.4.3.jar;C:\Users\teacher\.m2\repository\org\postgresql\postgresql\42.7.5\postgresql-42.7.5.jar;C:\Users\teacher\.m2\repository\org\checkerframework\checker-qual\3.48.3\checker-qual-3.48.3.jar;C:\Users\teacher\.m2\repository\org\projectlombok\lombok\1.18.36\lombok-1.18.36.jar;C:\Users\teacher\.m2\repository\org\springframework\boot\spring-boot-starter-test\3.4.3\spring-boot-starter-test-3.4.3.jar;C:\Users\teacher\.m2\repository\org\springframework\boot\spring-boot-test\3.4.3\spring-boot-test-3.4.3.jar;C:\Users\teacher\.m2\repository\org\springframework\boot\spring-boot-test-autoconfigure\3.4.3\spring-boot-test-autoconfigure-3.4.3.jar;C:\Users\teacher\.m2\repository\com\jayway\jsonpath\json-path\2.9.0\json-path-2.9.0.jar;C:\Users\teacher\.m2\repository\jakarta\xml\bind\jakarta.xml.bind-api\4.0.2\jakarta.xml.bind-api-4.0.2.jar;C:\Users\teacher\.m2\repository\jakarta\activation\jakarta.activation-api\2.1.3\jakarta.activation-api-2.1.3.jar;C:\Users\teacher\.m2\repository\net\minidev\json-smart\2.5.2\json-smart-2.5.2.jar;C:\Users\teacher\.m2\repository\net\minidev\accessors-smart\2.5.2\accessors-smart-2.5.2.jar;C:\Users\teacher\.m2\repository\org\ow2\asm\asm\9.7.1\asm-9.7.1.jar;C:\Users\teacher\.m2\repository\org\assertj\assertj-core\3.26.3\assertj-core-3.26.3.jar;C:\Users\teacher\.m2\repository\org\awaitility\awaitility\4.2.2\awaitility-4.2.2.jar;C:\Users\teacher\.m2\repository\org\hamcrest\hamcrest\2.2\hamcrest-2.2.jar;C:\Users\teacher\.m2\repository\org\junit\jupiter\junit-jupiter\5.11.4\junit-jupiter-5.11.4.jar;C:\Users\teacher\.m2\repository\org\junit\jupiter\junit-jupiter-api\5.11.4\junit-jupiter-api-5.11.4.jar;C:\Users\teacher\.m2\repository\org\opentest4j\opentest4j\1.3.0\opentest4j-1.3.0.jar;C:\Users\teacher\.m2\repository\org\junit\platform\junit-platform-commons\1.11.4\junit-platform-commons-1.11.4.jar;C:\Users\teacher\.m2\repository\org\apiguardian\apiguardian-api\1.1.2\apiguardian-api-1.1.2.jar;C:\Users\teacher\.m2\repository\org\junit\jupiter\junit-jupiter-params\5.11.4\junit-jupiter-params-5.11.4.jar;C:\Users\teacher\.m2\repository\org\junit\jupiter\junit-jupiter-engine\5.11.4\junit-jupiter-engine-5.11.4.jar;C:\Users\teacher\.m2\repository\org\junit\platform\junit-platform-engine\1.11.4\junit-platform-engine-1.11.4.jar;C:\Users\teacher\.m2\repository\org\mockito\mockito-core\5.14.2\mockito-core-5.14.2.jar;C:\Users\teacher\.m2\repository\net\bytebuddy\byte-buddy-agent\1.15.11\byte-buddy-agent-1.15.11.jar;C:\Users\teacher\.m2\repository\org\objenesis\objenesis\3.3\objenesis-3.3.jar;C:\Users\teacher\.m2\repository\org\mockito\mockito-junit-jupiter\5.14.2\mockito-junit-jupiter-5.14.2.jar;C:\Users\teacher\.m2\repository\org\skyscreamer\jsonassert\1.5.3\jsonassert-1.5.3.jar;C:\Users\teacher\.m2\repository\com\vaadin\external\google\android-json\0.0.20131108.vaadin1\android-json-0.0.20131108.vaadin1.jar;C:\Users\teacher\.m2\repository\org\springframework\spring-core\6.2.3\spring-core-6.2.3.jar;C:\Users\teacher\.m2\repository\org\springframework\spring-jcl\6.2.3\spring-jcl-6.2.3.jar;C:\Users\teacher\.m2\repository\org\springframework\spring-test\6.2.3\spring-test-6.2.3.jar;C:\Users\teacher\.m2\repository\org\xmlunit\xmlunit-core\2.10.0\xmlunit-core-2.10.0.jar;C:\Users\teacher\.m2\repository\org\springframework\security\spring-security-test\6.4.3\spring-security-test-6.4.3.jar;C:\Users\teacher\.m2\repository\org\springframework\security\spring-security-core\6.4.3\spring-security-core-6.4.3.jar;C:\Users\teacher\.m2\repository\org\springframework\security\spring-security-crypto\6.4.3\spring-security-crypto-6.4.3.jar
Launcher Type: SUN_STANDARD

[Global flags]
     intx CICompilerCount                          = 3                                         {product} {ergonomic}
     uint ConcGCThreads                            = 1                                         {product} {ergonomic}
     uint G1ConcRefinementThreads                  = 4                                         {product} {ergonomic}
   size_t G1HeapRegionSize                         = 1048576                                   {product} {ergonomic}
    uintx GCDrainStackTargetSize                   = 64                                        {product} {ergonomic}
   size_t InitialHeapSize                          = 132120576                                 {product} {ergonomic}
   size_t MarkStackSize                            = 4194304                                   {product} {ergonomic}
   size_t MaxHeapSize                              = 2113929216                                {product} {ergonomic}
   size_t MaxNewSize                               = 1267728384                                {product} {ergonomic}
   size_t MinHeapDeltaBytes                        = 1048576                                   {product} {ergonomic}
   size_t MinHeapSize                              = 8388608                                   {product} {ergonomic}
    uintx NonNMethodCodeHeapSize                   = 5832780                                {pd product} {ergonomic}
    uintx NonProfiledCodeHeapSize                  = 122912730                              {pd product} {ergonomic}
    uintx ProfiledCodeHeapSize                     = 122912730                              {pd product} {ergonomic}
    uintx ReservedCodeCacheSize                    = 251658240                              {pd product} {ergonomic}
     bool SegmentedCodeCache                       = true                                      {product} {ergonomic}
   size_t SoftMaxHeapSize                          = 2113929216                             {manageable} {ergonomic}
     bool UseCompressedClassPointers               = true                           {product lp64_product} {ergonomic}
     bool UseCompressedOops                        = true                           {product lp64_product} {ergonomic}
     bool UseG1GC                                  = true                                      {product} {ergonomic}
     bool UseLargePagesIndividualAllocation        = false                                  {pd product} {ergonomic}

Logging:
Log output configuration:
 #0: stdout all=warning uptime,level,tags foldmultilines=false
 #1: stderr all=off uptime,level,tags foldmultilines=false

Environment Variables:
PATH=C:\Program Files\Common Files\Oracle\Java\javapath;C:\Program Files (x86)\Common Files\Oracle\Java\javapath;C:\Windows\system32;C:\Windows;C:\Windows\System32\Wbem;C:\Windows\System32\WindowsPowerShell\v1.0\;C:\Windows\System32\OpenSSH\;C:\Program Files\Microsoft SQL Server\110\Tools\Binn\;C:\Program Files (x86)\Microsoft SQL Server\110\Tools\Binn\;C:\Program Files\Microsoft SQL Server\110\DTS\Binn\;C:\Program Files (x86)\Microsoft SQL Server\110\Tools\Binn\ManagementStudio\;C:\Program Files (x86)\Microsoft SQL Server\110\DTS\Binn\;C:\Program Files\Microsoft SQL Server\130\Tools\Binn\;C:\Program Files\nodejs\;C:\Program Files\Microsoft SQL Server\150\Tools\Binn\;C:\Program Files\Microsoft SQL Server\Client SDK\ODBC\170\Tools\Binn\;C:\Program Files (x86)\Microsoft SQL Server\160\Tools\Binn\;C:\Program Files\Microsoft SQL Server\160\Tools\Binn\;C:\Program Files\Microsoft SQL Server\160\DTS\Binn\;C:\Program Files (x86)\Microsoft SQL Server\160\DTS\Binn\;C:\Program Files\Azure Data Studio\bin;C:\Program Files\dotnet\;C:\xampp\php;C:\ProgramData\ComposerSetup\bin;C:\Users\teacher\AppData\Local\Microsoft\WindowsApps;C:\Users\teacher\AppData\Local\Programs\Microsoft VS Code\bin;C:\Users\teacher\.dotnet\tools;C:\Users\teacher\AppData\Local\Programs\Git\cmd
USERNAME=teacher
OS=Windows_NT
PROCESSOR_IDENTIFIER=Intel64 Family 6 Model 158 Stepping 11, GenuineIntel
TMP=C:\Users\teacher\AppData\Local\Temp
TEMP=C:\Users\teacher\AppData\Local\Temp



---------------  S Y S T E M  ---------------

OS:
 Windows 10 , 64 bit Build 17763 (10.0.17763.6292)
OS uptime: 4 days 23:00 hours

CPU: total 4 (initial active 4) (4 cores per cpu, 1 threads per core) family 6 model 158 stepping 11 microcode 0xde, cx8, cmov, fxsr, mmx, 3dnowpref, sse, sse2, sse3, ssse3, sse4.1, sse4.2, popcnt, lzcnt, tsc, tscinvbit, avx, avx2, aes, erms, clmul, bmi1, bmi2, adx, fma, vzeroupper, clflush, clflushopt, rdtscp

Memory: 4k page, system-wide physical 8062M (451M free)
TotalPageFile size 11348M (AvailPageFile size 2M)
current process WorkingSet (physical memory assigned to process): 289M, peak: 289M
current process commit charge ("private bytes"): 319M, peak: 320M

vm_info: Java HotSpot(TM) 64-Bit Server VM (19.0.2+7-44) for windows-amd64 JRE (19.0.2+7-44), built on 2022-11-30T18:02:09Z by "mach5one" with MS VC++ 17.1 (VS2022)

END.
